{"meta": {"format": 3, "version": "7.14.1", "timestamp": "2026-06-20T19:08:52.593491", "branch_coverage": false, "show_contexts": false}, "files": {"app\\api\\deps.py": {"executed_lines": [1, 3, 4, 5, 7, 8, 9, 10, 11, 13, 16, 20, 21, 26, 27, 28, 33, 34, 37, 38, 43, 44, 46, 49, 52, 55, 56, 57, 58], "summary": {"covered_lines": 29, "num_statements": 32, "percent_covered": 90.625, "percent_covered_display": "90.6", "missing_lines": 3, "excluded_lines": 0, "percent_statements_covered": 90.625, "percent_statements_covered_display": "90.6"}, "missing_lines": [35, 36, 45], "excluded_lines": [], "functions": {"get_current_user": {"executed_lines": [20, 21, 26, 27, 28, 33, 34, 37, 38, 43, 44, 46], "summary": {"covered_lines": 12, "num_statements": 15, "percent_covered": 80.0, "percent_covered_display": "80.0", "missing_lines": 3, "excluded_lines": 0, "percent_statements_covered": 80.0, "percent_statements_covered_display": "80.0"}, "missing_lines": [35, 36, 45], "excluded_lines": [], "start_line": 16}, "get_permissions": {"executed_lines": [52], "summary": {"covered_lines": 1, "num_statements": 1, "percent_covered": 100.0, "percent_covered_display": "100.0", "missing_lines": 0, "excluded_lines": 0, "percent_statements_covered": 100.0, "percent_statements_covered_display": "100.0"}, "missing_lines": [], "excluded_lines": [], "start_line": 49}, "get_superadmin": {"executed_lines": [56, 57, 58], "summary": {"covered_lines": 3, "num_statements": 3, "percent_covered": 100.0, "percent_covered_display": "100.0", "missing_lines": 0, "excluded_lines": 0, "percent_statements_covered": 100.0, "percent_statements_covered_display": "100.0"}, "missing_lines": [], "excluded_lines": [], "start_line": 55}, "": {"executed_lines": [1, 3, 4, 5, 7, 8, 9, 10, 11, 13, 16, 49, 55], "summary": {"covered_lines": 13, "num_statements": 13, "percent_covered": 100.0, "percent_covered_display": "100.0", "missing_lines": 0, "excluded_lines": 0, "percent_statements_covered": 100.0, "percent_statements_covered_display": "100.0"}, "missing_lines": [], "excluded_lines": [], "start_line": 1}}, "classes": {"": {"executed_lines": [1, 3, 4, 5, 7, 8, 9, 10, 11, 13, 16, 20, 21, 26, 27, 28, 33, 34, 37, 38, 43, 44, 46, 49, 52, 55, 56, 57, 58], "summary": {"covered_lines": 29, "num_statements": 32, "percent_covered": 90.625, "percent_covered_display": "90.6", "missing_lines": 3, "excluded_lines": 0, "percent_statements_covered": 90.625, "percent_statements_covered_display": "90.6"}, "missing_lines": [35, 36, 45], "excluded_lines": [], "start_line": 1}}}, "app\\api\\v1\\admin.py": {"executed_lines": [6, 7, 9, 10, 11, 12, 14, 15, 16, 17, 18, 19, 20, 21, 22, 23, 24, 25, 26, 28, 31, 45, 46, 47, 49, 50, 53, 60, 69, 72, 73, 78, 81, 84, 87, 88, 93, 101, 102, 103, 121, 122, 129, 130, 131, 132, 133, 137, 143, 144, 149, 151, 152, 153, 154, 156, 158, 162, 165, 166, 171, 172, 174, 177, 178, 183, 184, 186, 187, 188, 189, 190, 193, 194, 199, 200, 202, 203, 204, 205, 206, 209, 210, 217, 218, 219, 220, 221, 225, 226, 227, 228, 229, 230, 231, 234, 235, 242, 243, 244, 245, 246, 250], "summary": {"covered_lines": 103, "num_statements": 107, "percent_covered": 96.26168224299066, "percent_covered_display": "96.3", "missing_lines": 4, "excluded_lines": 0, "percent_statements_covered": 96.26168224299066, "percent_statements_covered_display": "96.3"}, "missing_lines": [150, 173, 185, 201], "excluded_lines": [], "functions": {"_org_metadata": {"executed_lines": [73, 78, 81, 84, 87, 88, 93], "summary": {"covered_lines": 7, "num_statements": 7, "percent_covered": 100.0, "percent_covered_display": "100.0", "missing_lines": 0, "excluded_lines": 0, "percent_statements_covered": 100.0, "percent_statements_covered_display": "100.0"}, "missing_lines": [], "excluded_lines": [], "start_line": 72}, "platform_stats": {"executed_lines": [103], "summary": {"covered_lines": 1, "num_statements": 1, "percent_covered": 100.0, "percent_covered_display": "100.0", "missing_lines": 0, "excluded_lines": 0, "percent_statements_covered": 100.0, "percent_statements_covered_display": "100.0"}, "missing_lines": [], "excluded_lines": [], "start_line": 102}, "list_all_organizations": {"executed_lines": [129, 130, 131, 132, 133, 137], "summary": {"covered_lines": 6, "num_statements": 6, "percent_covered": 100.0, "percent_covered_display": "100.0", "missing_lines": 0, "excluded_lines": 0, "percent_statements_covered": 100.0, "percent_statements_covered_display": "100.0"}, "missing_lines": [], "excluded_lines": [], "start_line": 122}, "create_organization": {"executed_lines": [149, 151, 152, 153, 154, 156, 158, 162], "summary": {"covered_lines": 8, "num_statements": 9, "percent_covered": 88.88888888888889, "percent_covered_display": "88.9", "missing_lines": 1, "excluded_lines": 0, "percent_statements_covered": 88.88888888888889, "percent_statements_covered_display": "88.9"}, "missing_lines": [150], "excluded_lines": [], "start_line": 144}, "get_organization_metadata": {"executed_lines": [171, 172, 174], "summary": {"covered_lines": 3, "num_statements": 4, "percent_covered": 75.0, "percent_covered_display": "75.0", "missing_lines": 1, "excluded_lines": 0, "percent_statements_covered": 75.0, "percent_statements_covered_display": "75.0"}, "missing_lines": [173], "excluded_lines": [], "start_line": 166}, "disable_organization": {"executed_lines": [183, 184, 186, 187, 188, 189, 190], "summary": {"covered_lines": 7, "num_statements": 8, "percent_covered": 87.5, "percent_covered_display": "87.5", "missing_lines": 1, "excluded_lines": 0, "percent_statements_covered": 87.5, "percent_statements_covered_display": "87.5"}, "missing_lines": [185], "excluded_lines": [], "start_line": 178}, "enable_organization": {"executed_lines": [199, 200, 202, 203, 204, 205, 206], "summary": {"covered_lines": 7, "num_statements": 8, "percent_covered": 87.5, "percent_covered_display": "87.5", "missing_lines": 1, "excluded_lines": 0, "percent_statements_covered": 87.5, "percent_statements_covered_display": "87.5"}, "missing_lines": [201], "excluded_lines": [], "start_line": 194}, "platform_audit_logs": {"executed_lines": [217, 218, 219, 220, 221, 225, 226, 227, 228, 229, 230, 231], "summary": {"covered_lines": 12, "num_statements": 12, "percent_covered": 100.0, "percent_covered_display": "100.0", "missing_lines": 0, "excluded_lines": 0, "percent_statements_covered": 100.0, "percent_statements_covered_display": "100.0"}, "missing_lines": [], "excluded_lines": [], "start_line": 210}, "cron_logs": {"executed_lines": [242, 243, 244, 245, 246, 250], "summary": {"covered_lines": 6, "num_statements": 6, "percent_covered": 100.0, "percent_covered_display": "100.0", "missing_lines": 0, "excluded_lines": 0, "percent_statements_covered": 100.0, "percent_statements_covered_display": "100.0"}, "missing_lines": [], "excluded_lines": [], "start_line": 235}, "": {"executed_lines": [6, 7, 9, 10, 11, 12, 14, 15, 16, 17, 18, 19, 20, 21, 22, 23, 24, 25, 26, 28, 31, 45, 46, 47, 49, 50, 53, 60, 69, 72, 101, 102, 121, 122, 143, 144, 165, 166, 177, 178, 193, 194, 209, 210, 234, 235], "summary": {"covered_lines": 46, "num_statements": 46, "percent_covered": 100.0, "percent_covered_display": "100.0", "missing_lines": 0, "excluded_lines": 0, "percent_statements_covered": 100.0, "percent_statements_covered_display": "100.0"}, "missing_lines": [], "excluded_lines": [], "start_line": 1}}, "classes": {"OrgMetadataOut": {"executed_lines": [], "summary": {"covered_lines": 0, "num_statements": 0, "percent_covered": 100.0, "percent_covered_display": "100.0", "missing_lines": 0, "excluded_lines": 0, "percent_statements_covered": 100.0, "percent_statements_covered_display": "100.0"}, "missing_lines": [], "excluded_lines": [], "start_line": 31}, "OrgCreateRequest": {"executed_lines": [], "summary": {"covered_lines": 0, "num_statements": 0, "percent_covered": 100.0, "percent_covered_display": "100.0", "missing_lines": 0, "excluded_lines": 0, "percent_statements_covered": 100.0, "percent_statements_covered_display": "100.0"}, "missing_lines": [], "excluded_lines": [], "start_line": 45}, "PlatformStatsOut": {"executed_lines": [], "summary": {"covered_lines": 0, "num_statements": 0, "percent_covered": 100.0, "percent_covered_display": "100.0", "missing_lines": 0, "excluded_lines": 0, "percent_statements_covered": 100.0, "percent_statements_covered_display": "100.0"}, "missing_lines": [], "excluded_lines": [], "start_line": 53}, "CronJobLogOut": {"executed_lines": [], "summary": {"covered_lines": 0, "num_statements": 0, "percent_covered": 100.0, "percent_covered_display": "100.0", "missing_lines": 0, "excluded_lines": 0, "percent_statements_covered": 100.0, "percent_statements_covered_display": "100.0"}, "missing_lines": [], "excluded_lines": [], "start_line": 60}, "": {"executed_lines": [6, 7, 9, 10, 11, 12, 14, 15, 16, 17, 18, 19, 20, 21, 22, 23, 24, 25, 26, 28, 31, 45, 46, 47, 49, 50, 53, 60, 69, 72, 73, 78, 81, 84, 87, 88, 93, 101, 102, 103, 121, 122, 129, 130, 131, 132, 133, 137, 143, 144, 149, 151, 152, 153, 154, 156, 158, 162, 165, 166, 171, 172, 174, 177, 178, 183, 184, 186, 187, 188, 189, 190, 193, 194, 199, 200, 202, 203, 204, 205, 206, 209, 210, 217, 218, 219, 220, 221, 225, 226, 227, 228, 229, 230, 231, 234, 235, 242, 243, 244, 245, 246, 250], "summary": {"covered_lines": 103, "num_statements": 107, "percent_covered": 96.26168224299066, "percent_covered_display": "96.3", "missing_lines": 4, "excluded_lines": 0, "percent_statements_covered": 96.26168224299066, "percent_statements_covered_display": "96.3"}, "missing_lines": [150, 173, 185, 201], "excluded_lines": [], "start_line": 1}}}, "app\\api\\v1\\attachments.py": {"executed_lines": [1, 2, 4, 5, 7, 8, 9, 10, 11, 12, 13, 14, 15, 16, 17, 19, 22, 23, 24, 31, 32, 33, 35, 36, 38, 39, 40, 41, 43, 51, 52, 53, 56, 57, 58, 59, 60, 63, 64, 69, 70, 72, 73, 75, 76, 77, 78, 79, 89, 90, 95, 96, 98, 99, 101, 102, 103, 106, 107, 112, 113, 115, 116, 118, 119, 120, 121, 122, 123, 124, 127, 128], "summary": {"covered_lines": 72, "num_statements": 79, "percent_covered": 91.13924050632912, "percent_covered_display": "91.1", "missing_lines": 7, "excluded_lines": 0, "percent_statements_covered": 91.13924050632912, "percent_statements_covered_display": "91.1"}, "missing_lines": [34, 71, 74, 97, 100, 114, 117], "excluded_lines": [], "functions": {"upload_attachment": {"executed_lines": [31, 32, 33, 35, 36, 38, 39, 40, 41, 43, 51, 52, 53, 56, 57, 58, 59, 60], "summary": {"covered_lines": 18, "num_statements": 19, "percent_covered": 94.73684210526316, "percent_covered_display": "94.7", "missing_lines": 1, "excluded_lines": 0, "percent_statements_covered": 94.73684210526316, "percent_statements_covered_display": "94.7"}, "missing_lines": [34], "excluded_lines": [], "start_line": 24}, "download_attachment": {"executed_lines": [69, 70, 72, 73, 75, 76, 77, 78, 79], "summary": {"covered_lines": 9, "num_statements": 11, "percent_covered": 81.81818181818181, "percent_covered_display": "81.8", "missing_lines": 2, "excluded_lines": 0, "percent_statements_covered": 81.81818181818181, "percent_statements_covered_display": "81.8"}, "missing_lines": [71, 74], "excluded_lines": [], "start_line": 64}, "get_attachment_url": {"executed_lines": [95, 96, 98, 99, 101, 102, 103], "summary": {"covered_lines": 7, "num_statements": 9, "percent_covered": 77.77777777777777, "percent_covered_display": "77.8", "missing_lines": 2, "excluded_lines": 0, "percent_statements_covered": 77.77777777777777, "percent_statements_covered_display": "77.8"}, "missing_lines": [97, 100], "excluded_lines": [], "start_line": 90}, "delete_attachment": {"executed_lines": [112, 113, 115, 116, 118, 119, 120, 121, 122, 123, 124, 127, 128], "summary": {"covered_lines": 13, "num_statements": 15, "percent_covered": 86.66666666666667, "percent_covered_display": "86.7", "missing_lines": 2, "excluded_lines": 0, "percent_statements_covered": 86.66666666666667, "percent_statements_covered_display": "86.7"}, "missing_lines": [114, 117], "excluded_lines": [], "start_line": 107}, "": {"executed_lines": [1, 2, 4, 5, 7, 8, 9, 10, 11, 12, 13, 14, 15, 16, 17, 19, 22, 23, 24, 63, 64, 89, 90, 106, 107], "summary": {"covered_lines": 25, "num_statements": 25, "percent_covered": 100.0, "percent_covered_display": "100.0", "missing_lines": 0, "excluded_lines": 0, "percent_statements_covered": 100.0, "percent_statements_covered_display": "100.0"}, "missing_lines": [], "excluded_lines": [], "start_line": 1}}, "classes": {"": {"executed_lines": [1, 2, 4, 5, 7, 8, 9, 10, 11, 12, 13, 14, 15, 16, 17, 19, 22, 23, 24, 31, 32, 33, 35, 36, 38, 39, 40, 41, 43, 51, 52, 53, 56, 57, 58, 59, 60, 63, 64, 69, 70, 72, 73, 75, 76, 77, 78, 79, 89, 90, 95, 96, 98, 99, 101, 102, 103, 106, 107, 112, 113, 115, 116, 118, 119, 120, 121, 122, 123, 124, 127, 128], "summary": {"covered_lines": 72, "num_statements": 79, "percent_covered": 91.13924050632912, "percent_covered_display": "91.1", "missing_lines": 7, "excluded_lines": 0, "percent_statements_covered": 91.13924050632912, "percent_statements_covered_display": "91.1"}, "missing_lines": [34, 71, 74, 97, 100, 114, 117], "excluded_lines": [], "start_line": 1}}}, "app\\api\\v1\\auth.py": {"executed_lines": [1, 2, 4, 5, 7, 8, 9, 10, 11, 12, 13, 33, 34, 35, 36, 37, 38, 40, 42, 43, 48, 51, 59, 60, 61, 62, 63, 64, 67, 73, 76, 77, 78, 89, 90, 93, 94, 97, 98, 106, 107, 108, 112, 113, 117, 118, 119, 120, 121, 124, 125, 126, 132, 135, 136, 137, 138, 139, 140, 143, 146, 147, 148, 149, 158, 159, 160, 161, 162, 163, 165, 168, 169, 170, 177, 178, 179, 180, 181, 182, 185, 186, 187, 188, 191, 192, 193, 199, 200, 201, 202, 205, 206, 207, 214, 215, 216, 217, 220, 221, 222, 223, 232, 233, 234, 240, 241, 244, 245, 246, 247, 250, 251, 252, 258, 259, 262, 263, 264, 265, 268, 269, 270, 271, 272, 274, 277, 278, 279, 282, 283, 286, 287, 288, 289, 291, 292, 293, 294, 295, 296, 297, 298, 299, 300, 303, 304, 305, 306, 309, 310, 311, 315, 316, 317, 323, 324, 325, 328, 329, 330, 333, 334, 339, 340, 343, 344, 354, 355, 366, 367, 368, 369], "summary": {"covered_lines": 173, "num_statements": 179, "percent_covered": 96.64804469273743, "percent_covered_display": "96.6", "missing_lines": 6, "excluded_lines": 0, "percent_statements_covered": 96.64804469273743, "percent_statements_covered_display": "96.6"}, "missing_lines": [164, 273, 312, 351, 362, 363], "excluded_lines": [], "functions": {"_reject_cross_site": {"executed_lines": [59, 60, 61, 62, 63, 64], "summary": {"covered_lines": 6, "num_statements": 6, "percent_covered": 100.0, "percent_covered_display": "100.0", "missing_lines": 0, "excluded_lines": 0, "percent_statements_covered": 100.0, "percent_statements_covered_display": "100.0"}, "missing_lines": [], "excluded_lines": [], "start_line": 51}, "_cross_site_cookie": {"executed_lines": [73], "summary": {"covered_lines": 1, "num_statements": 1, "percent_covered": 100.0, "percent_covered_display": "100.0", "missing_lines": 0, "excluded_lines": 0, "percent_statements_covered": 100.0, "percent_statements_covered_display": "100.0"}, "missing_lines": [], "excluded_lines": [], "start_line": 67}, "_set_refresh_cookie": {"executed_lines": [77, 78], "summary": {"covered_lines": 2, "num_statements": 2, "percent_covered": 100.0, "percent_covered_display": "100.0", "missing_lines": 0, "excluded_lines": 0, "percent_statements_covered": 100.0, "percent_statements_covered_display": "100.0"}, "missing_lines": [], "excluded_lines": [], "start_line": 76}, "_clear_refresh_cookie": {"executed_lines": [90], "summary": {"covered_lines": 1, "num_statements": 1, "percent_covered": 100.0, "percent_covered_display": "100.0", "missing_lines": 0, "excluded_lines": 0, "percent_statements_covered": 100.0, "percent_statements_covered_display": "100.0"}, "missing_lines": [], "excluded_lines": [], "start_line": 89}, "_login_context_out": {"executed_lines": [94], "summary": {"covered_lines": 1, "num_statements": 1, "percent_covered": 100.0, "percent_covered_display": "100.0", "missing_lines": 0, "excluded_lines": 0, "percent_statements_covered": 100.0, "percent_statements_covered_display": "100.0"}, "missing_lines": [], "excluded_lines": [], "start_line": 93}, "_token_response": {"executed_lines": [98], "summary": {"covered_lines": 1, "num_statements": 1, "percent_covered": 100.0, "percent_covered_display": "100.0", "missing_lines": 0, "excluded_lines": 0, "percent_statements_covered": 100.0, "percent_statements_covered_display": "100.0"}, "missing_lines": [], "excluded_lines": [], "start_line": 97}, "request_otp": {"executed_lines": [112, 113, 117, 118, 119, 120, 121], "summary": {"covered_lines": 7, "num_statements": 7, "percent_covered": 100.0, "percent_covered_display": "100.0", "missing_lines": 0, "excluded_lines": 0, "percent_statements_covered": 100.0, "percent_statements_covered_display": "100.0"}, "missing_lines": [], "excluded_lines": [], "start_line": 108}, "verify_otp": {"executed_lines": [132, 135, 136, 137, 138, 139, 140, 143, 146, 147, 148, 149], "summary": {"covered_lines": 12, "num_statements": 12, "percent_covered": 100.0, "percent_covered_display": "100.0", "missing_lines": 0, "excluded_lines": 0, "percent_statements_covered": 100.0, "percent_statements_covered_display": "100.0"}, "missing_lines": [], "excluded_lines": [], "start_line": 126}, "_user_from_challenge": {"executed_lines": [159, 160, 161, 162, 163, 165], "summary": {"covered_lines": 6, "num_statements": 7, "percent_covered": 85.71428571428571, "percent_covered_display": "85.7", "missing_lines": 1, "excluded_lines": 0, "percent_statements_covered": 85.71428571428571, "percent_statements_covered_display": "85.7"}, "missing_lines": [164], "excluded_lines": [], "start_line": 158}, "verify_2fa": {"executed_lines": [177, 178, 179, 180, 181, 182, 185, 186, 187, 188], "summary": {"covered_lines": 10, "num_statements": 10, "percent_covered": 100.0, "percent_covered_display": "100.0", "missing_lines": 0, "excluded_lines": 0, "percent_statements_covered": 100.0, "percent_statements_covered_display": "100.0"}, "missing_lines": [], "excluded_lines": [], "start_line": 170}, "setup_2fa_at_login": {"executed_lines": [199, 200, 201, 202], "summary": {"covered_lines": 4, "num_statements": 4, "percent_covered": 100.0, "percent_covered_display": "100.0", "missing_lines": 0, "excluded_lines": 0, "percent_statements_covered": 100.0, "percent_statements_covered_display": "100.0"}, "missing_lines": [], "excluded_lines": [], "start_line": 193}, "confirm_2fa_at_login": {"executed_lines": [214, 215, 216, 217, 220, 221, 222, 223], "summary": {"covered_lines": 8, "num_statements": 8, "percent_covered": 100.0, "percent_covered_display": "100.0", "missing_lines": 0, "excluded_lines": 0, "percent_statements_covered": 100.0, "percent_statements_covered_display": "100.0"}, "missing_lines": [], "excluded_lines": [], "start_line": 207}, "google_login": {"executed_lines": [240, 241, 244, 245, 246, 247], "summary": {"covered_lines": 6, "num_statements": 6, "percent_covered": 100.0, "percent_covered_display": "100.0", "missing_lines": 0, "excluded_lines": 0, "percent_statements_covered": 100.0, "percent_statements_covered_display": "100.0"}, "missing_lines": [], "excluded_lines": [], "start_line": 234}, "microsoft_login": {"executed_lines": [258, 259, 262, 263, 264, 265], "summary": {"covered_lines": 6, "num_statements": 6, "percent_covered": 100.0, "percent_covered_display": "100.0", "missing_lines": 0, "excluded_lines": 0, "percent_statements_covered": 100.0, "percent_statements_covered_display": "100.0"}, "missing_lines": [], "excluded_lines": [], "start_line": 252}, "refresh": {"executed_lines": [271, 272, 274, 277, 278, 279], "summary": {"covered_lines": 6, "num_statements": 7, "percent_covered": 85.71428571428571, "percent_covered_display": "85.7", "missing_lines": 1, "excluded_lines": 0, "percent_statements_covered": 85.71428571428571, "percent_statements_covered_display": "85.7"}, "missing_lines": [273], "excluded_lines": [], "start_line": 270}, "logout": {"executed_lines": [286, 287, 288, 289, 291, 292, 293, 294, 295, 296, 297, 298, 299, 300], "summary": {"covered_lines": 14, "num_statements": 14, "percent_covered": 100.0, "percent_covered_display": "100.0", "missing_lines": 0, "excluded_lines": 0, "percent_statements_covered": 100.0, "percent_statements_covered_display": "100.0"}, "missing_lines": [], "excluded_lines": [], "start_line": 283}, "invite_preview_post": {"executed_lines": [306], "summary": {"covered_lines": 1, "num_statements": 1, "percent_covered": 100.0, "percent_covered_display": "100.0", "missing_lines": 0, "excluded_lines": 0, "percent_statements_covered": 100.0, "percent_statements_covered_display": "100.0"}, "missing_lines": [], "excluded_lines": [], "start_line": 305}, "invite_preview": {"executed_lines": [], "summary": {"covered_lines": 0, "num_statements": 1, "percent_covered": 0.0, "percent_covered_display": "0.0", "missing_lines": 1, "excluded_lines": 0, "percent_statements_covered": 0.0, "percent_statements_covered_display": "0.0"}, "missing_lines": [312], "excluded_lines": [], "start_line": 311}, "activate_invite": {"executed_lines": [323, 324, 325, 328, 329, 330], "summary": {"covered_lines": 6, "num_statements": 6, "percent_covered": 100.0, "percent_covered_display": "100.0", "missing_lines": 0, "excluded_lines": 0, "percent_statements_covered": 100.0, "percent_statements_covered_display": "100.0"}, "missing_lines": [], "excluded_lines": [], "start_line": 317}, "accept_invite": {"executed_lines": [339, 340], "summary": {"covered_lines": 2, "num_statements": 2, "percent_covered": 100.0, "percent_covered_display": "100.0", "missing_lines": 0, "excluded_lines": 0, "percent_statements_covered": 100.0, "percent_statements_covered_display": "100.0"}, "missing_lines": [], "excluded_lines": [], "start_line": 334}, "invite_by_id": {"executed_lines": [], "summary": {"covered_lines": 0, "num_statements": 1, "percent_covered": 0.0, "percent_covered_display": "0.0", "missing_lines": 1, "excluded_lines": 0, "percent_statements_covered": 0.0, "percent_statements_covered_display": "0.0"}, "missing_lines": [351], "excluded_lines": [], "start_line": 344}, "accept_invite_by_id": {"executed_lines": [], "summary": {"covered_lines": 0, "num_statements": 2, "percent_covered": 0.0, "percent_covered_display": "0.0", "missing_lines": 2, "excluded_lines": 0, "percent_statements_covered": 0.0, "percent_statements_covered_display": "0.0"}, "missing_lines": [362, 363], "excluded_lines": [], "start_line": 355}, "me": {"executed_lines": [368, 369], "summary": {"covered_lines": 2, "num_statements": 2, "percent_covered": 100.0, "percent_covered_display": "100.0", "missing_lines": 0, "excluded_lines": 0, "percent_statements_covered": 100.0, "percent_statements_covered_display": "100.0"}, "missing_lines": [], "excluded_lines": [], "start_line": 367}, "": {"executed_lines": [1, 2, 4, 5, 7, 8, 9, 10, 11, 12, 13, 33, 34, 35, 36, 37, 38, 40, 42, 43, 48, 51, 67, 76, 89, 93, 97, 106, 107, 108, 124, 125, 126, 158, 168, 169, 170, 191, 192, 193, 205, 206, 207, 232, 233, 234, 250, 251, 252, 268, 269, 270, 282, 283, 303, 304, 305, 309, 310, 311, 315, 316, 317, 333, 334, 343, 344, 354, 355, 366, 367], "summary": {"covered_lines": 71, "num_statements": 71, "percent_covered": 100.0, "percent_covered_display": "100.0", "missing_lines": 0, "excluded_lines": 0, "percent_statements_covered": 100.0, "percent_statements_covered_display": "100.0"}, "missing_lines": [], "excluded_lines": [], "start_line": 1}}, "classes": {"": {"executed_lines": [1, 2, 4, 5, 7, 8, 9, 10, 11, 12, 13, 33, 34, 35, 36, 37, 38, 40, 42, 43, 48, 51, 59, 60, 61, 62, 63, 64, 67, 73, 76, 77, 78, 89, 90, 93, 94, 97, 98, 106, 107, 108, 112, 113, 117, 118, 119, 120, 121, 124, 125, 126, 132, 135, 136, 137, 138, 139, 140, 143, 146, 147, 148, 149, 158, 159, 160, 161, 162, 163, 165, 168, 169, 170, 177, 178, 179, 180, 181, 182, 185, 186, 187, 188, 191, 192, 193, 199, 200, 201, 202, 205, 206, 207, 214, 215, 216, 217, 220, 221, 222, 223, 232, 233, 234, 240, 241, 244, 245, 246, 247, 250, 251, 252, 258, 259, 262, 263, 264, 265, 268, 269, 270, 271, 272, 274, 277, 278, 279, 282, 283, 286, 287, 288, 289, 291, 292, 293, 294, 295, 296, 297, 298, 299, 300, 303, 304, 305, 306, 309, 310, 311, 315, 316, 317, 323, 324, 325, 328, 329, 330, 333, 334, 339, 340, 343, 344, 354, 355, 366, 367, 368, 369], "summary": {"covered_lines": 173, "num_statements": 179, "percent_covered": 96.64804469273743, "percent_covered_display": "96.6", "missing_lines": 6, "excluded_lines": 0, "percent_statements_covered": 96.64804469273743, "percent_statements_covered_display": "96.6"}, "missing_lines": [164, 273, 312, 351, 362, 363], "excluded_lines": [], "start_line": 1}}}, "app\\api\\v1\\calendar.py": {"executed_lines": [8, 9, 10, 12, 13, 14, 15, 16, 17, 18, 20, 21, 22, 23, 24, 25, 27, 29, 30, 32, 33, 34, 35, 37, 40, 41, 44, 45, 48, 49, 62, 63, 64, 67, 69, 70, 73, 76, 79, 84, 90, 91, 94, 95, 96, 101, 111, 112, 117, 122, 124, 129, 138, 139, 141, 143, 146, 147, 153, 154, 156, 158, 169, 171, 173, 174, 175, 180, 181, 185, 186, 191, 199, 210, 211, 214, 215, 218, 219, 227, 232, 234, 236, 237, 238, 239, 241, 243, 255, 257, 258, 259, 260, 261, 262, 263, 264, 268, 279, 282, 284, 287, 288, 289, 290, 291, 292, 293, 294, 295, 298, 299, 305, 307, 312, 317, 319, 320, 322, 329, 336, 337, 338, 343, 344, 345, 346, 353, 354, 355], "summary": {"covered_lines": 130, "num_statements": 156, "percent_covered": 83.33333333333333, "percent_covered_display": "83.3", "missing_lines": 26, "excluded_lines": 0, "percent_statements_covered": 83.33333333333333, "percent_statements_covered_display": "83.3"}, "missing_lines": [65, 66, 68, 118, 155, 170, 182, 183, 192, 193, 194, 195, 196, 197, 233, 240, 242, 256, 265, 266, 267, 313, 318, 321, 351, 352], "excluded_lines": [], "functions": {"_google_configured": {"executed_lines": [41], "summary": {"covered_lines": 1, "num_statements": 1, "percent_covered": 100.0, "percent_covered_display": "100.0", "missing_lines": 0, "excluded_lines": 0, "percent_statements_covered": 100.0, "percent_statements_covered_display": "100.0"}, "missing_lines": [], "excluded_lines": [], "start_line": 40}, "_redirect_uri": {"executed_lines": [45], "summary": {"covered_lines": 1, "num_statements": 1, "percent_covered": 100.0, "percent_covered_display": "100.0", "missing_lines": 0, "excluded_lines": 0, "percent_statements_covered": 100.0, "percent_statements_covered_display": "100.0"}, "missing_lines": [], "excluded_lines": [], "start_line": 44}, "_state_token": {"executed_lines": [49], "summary": {"covered_lines": 1, "num_statements": 1, "percent_covered": 100.0, "percent_covered_display": "100.0", "missing_lines": 0, "excluded_lines": 0, "percent_statements_covered": 100.0, "percent_statements_covered_display": "100.0"}, "missing_lines": [], "excluded_lines": [], "start_line": 48}, "_verify_state": {"executed_lines": [63, 64, 67, 69, 70], "summary": {"covered_lines": 5, "num_statements": 8, "percent_covered": 62.5, "percent_covered_display": "62.5", "missing_lines": 3, "excluded_lines": 0, "percent_statements_covered": 62.5, "percent_statements_covered_display": "62.5"}, "missing_lines": [65, 66, 68], "excluded_lines": [], "start_line": 62}, "calendar_status": {"executed_lines": [96, 101], "summary": {"covered_lines": 2, "num_statements": 2, "percent_covered": 100.0, "percent_covered_display": "100.0", "missing_lines": 0, "excluded_lines": 0, "percent_statements_covered": 100.0, "percent_statements_covered_display": "100.0"}, "missing_lines": [], "excluded_lines": [], "start_line": 95}, "google_auth_url": {"executed_lines": [117, 122, 124, 129, 138, 139, 141, 143], "summary": {"covered_lines": 8, "num_statements": 9, "percent_covered": 88.88888888888889, "percent_covered_display": "88.9", "missing_lines": 1, "excluded_lines": 0, "percent_statements_covered": 88.88888888888889, "percent_statements_covered_display": "88.9"}, "missing_lines": [118], "excluded_lines": [], "start_line": 112}, "google_callback": {"executed_lines": [153, 154, 156, 158, 169, 171, 173, 174, 175, 180, 181, 185, 186, 191, 199, 210, 211], "summary": {"covered_lines": 17, "num_statements": 27, "percent_covered": 62.96296296296296, "percent_covered_display": "63.0", "missing_lines": 10, "excluded_lines": 0, "percent_statements_covered": 62.96296296296296, "percent_statements_covered_display": "63.0"}, "missing_lines": [155, 170, 182, 183, 192, 193, 194, 195, 196, 197], "excluded_lines": [], "start_line": 147}, "_fresh_access_token": {"executed_lines": [215], "summary": {"covered_lines": 1, "num_statements": 1, "percent_covered": 100.0, "percent_covered_display": "100.0", "missing_lines": 0, "excluded_lines": 0, "percent_statements_covered": 100.0, "percent_statements_covered_display": "100.0"}, "missing_lines": [], "excluded_lines": [], "start_line": 214}, "upcoming_events": {"executed_lines": [227, 232, 234, 236, 237, 238, 239, 241, 243, 255, 257, 258, 259, 260, 261, 262, 263, 264, 268, 279], "summary": {"covered_lines": 20, "num_statements": 27, "percent_covered": 74.07407407407408, "percent_covered_display": "74.1", "missing_lines": 7, "excluded_lines": 0, "percent_statements_covered": 74.07407407407408, "percent_statements_covered_display": "74.1"}, "missing_lines": [233, 240, 242, 256, 265, 266, 267], "excluded_lines": [], "start_line": 219}, "create_event": {"executed_lines": [305, 307, 312, 317, 319, 320, 322, 329], "summary": {"covered_lines": 8, "num_statements": 11, "percent_covered": 72.72727272727273, "percent_covered_display": "72.7", "missing_lines": 3, "excluded_lines": 0, "percent_statements_covered": 72.72727272727273, "percent_statements_covered_display": "72.7"}, "missing_lines": [313, 318, 321], "excluded_lines": [], "start_line": 299}, "disconnect_google": {"executed_lines": [338, 343, 344, 345, 346, 353, 354, 355], "summary": {"covered_lines": 8, "num_statements": 10, "percent_covered": 80.0, "percent_covered_display": "80.0", "missing_lines": 2, "excluded_lines": 0, "percent_statements_covered": 80.0, "percent_statements_covered_display": "80.0"}, "missing_lines": [351, 352], "excluded_lines": [], "start_line": 337}, "": {"executed_lines": [8, 9, 10, 12, 13, 14, 15, 16, 17, 18, 20, 21, 22, 23, 24, 25, 27, 29, 30, 32, 33, 34, 35, 37, 40, 44, 48, 62, 73, 76, 79, 84, 90, 91, 94, 95, 111, 112, 146, 147, 214, 218, 219, 282, 284, 287, 288, 289, 290, 291, 292, 293, 294, 295, 298, 299, 336, 337], "summary": {"covered_lines": 58, "num_statements": 58, "percent_covered": 100.0, "percent_covered_display": "100.0", "missing_lines": 0, "excluded_lines": 0, "percent_statements_covered": 100.0, "percent_statements_covered_display": "100.0"}, "missing_lines": [], "excluded_lines": [], "start_line": 1}}, "classes": {"ProviderStatus": {"executed_lines": [], "summary": {"covered_lines": 0, "num_statements": 0, "percent_covered": 100.0, "percent_covered_display": "100.0", "missing_lines": 0, "excluded_lines": 0, "percent_statements_covered": 100.0, "percent_statements_covered_display": "100.0"}, "missing_lines": [], "excluded_lines": [], "start_line": 73}, "CalendarStatus": {"executed_lines": [], "summary": {"covered_lines": 0, "num_statements": 0, "percent_covered": 100.0, "percent_covered_display": "100.0", "missing_lines": 0, "excluded_lines": 0, "percent_statements_covered": 100.0, "percent_statements_covered_display": "100.0"}, "missing_lines": [], "excluded_lines": [], "start_line": 79}, "CalendarEvent": {"executed_lines": [], "summary": {"covered_lines": 0, "num_statements": 0, "percent_covered": 100.0, "percent_covered_display": "100.0", "missing_lines": 0, "excluded_lines": 0, "percent_statements_covered": 100.0, "percent_statements_covered_display": "100.0"}, "missing_lines": [], "excluded_lines": [], "start_line": 84}, "EventCreate": {"executed_lines": [], "summary": {"covered_lines": 0, "num_statements": 0, "percent_covered": 100.0, "percent_covered_display": "100.0", "missing_lines": 0, "excluded_lines": 0, "percent_statements_covered": 100.0, "percent_statements_covered_display": "100.0"}, "missing_lines": [], "excluded_lines": [], "start_line": 282}, "": {"executed_lines": [8, 9, 10, 12, 13, 14, 15, 16, 17, 18, 20, 21, 22, 23, 24, 25, 27, 29, 30, 32, 33, 34, 35, 37, 40, 41, 44, 45, 48, 49, 62, 63, 64, 67, 69, 70, 73, 76, 79, 84, 90, 91, 94, 95, 96, 101, 111, 112, 117, 122, 124, 129, 138, 139, 141, 143, 146, 147, 153, 154, 156, 158, 169, 171, 173, 174, 175, 180, 181, 185, 186, 191, 199, 210, 211, 214, 215, 218, 219, 227, 232, 234, 236, 237, 238, 239, 241, 243, 255, 257, 258, 259, 260, 261, 262, 263, 264, 268, 279, 282, 284, 287, 288, 289, 290, 291, 292, 293, 294, 295, 298, 299, 305, 307, 312, 317, 319, 320, 322, 329, 336, 337, 338, 343, 344, 345, 346, 353, 354, 355], "summary": {"covered_lines": 130, "num_statements": 156, "percent_covered": 83.33333333333333, "percent_covered_display": "83.3", "missing_lines": 26, "excluded_lines": 0, "percent_statements_covered": 83.33333333333333, "percent_statements_covered_display": "83.3"}, "missing_lines": [65, 66, 68, 118, 155, 170, 182, 183, 192, 193, 194, 195, 196, 197, 233, 240, 242, 256, 265, 266, 267, 313, 318, 321, 351, 352], "excluded_lines": [], "start_line": 1}}}, "app\\api\\v1\\chat.py": {"executed_lines": [1, 2, 4, 5, 6, 8, 9, 10, 11, 12, 13, 14, 15, 25, 26, 27, 28, 29, 31, 34, 35, 36, 38, 48, 49, 59, 65, 66, 67, 69, 72, 73, 75, 76, 79, 80, 81, 82, 85, 86, 87, 89, 94, 105, 108, 109, 110, 113, 118, 119, 124, 129, 130, 131, 132, 135, 136, 141, 142, 143, 152, 153, 154, 157, 158, 165, 166, 168, 176, 177, 178, 179, 184, 185, 186, 187, 188, 189, 195, 198, 199, 205, 206, 208, 209, 210, 211, 217, 220, 221, 226, 227, 229, 230, 231, 232, 238, 241, 242, 247, 248, 249, 250, 251, 252, 253, 256, 257, 258, 259, 260, 266, 267, 268, 271, 272, 278, 279, 281, 288, 291, 292, 293, 294, 295, 296, 297, 298, 304, 307, 308, 314, 315, 317, 322, 324, 325, 326, 332, 335, 336, 344, 345, 346, 349, 351, 352, 356, 357, 358, 359, 360, 361, 362, 363, 366, 367, 373, 374, 375, 376, 378, 384, 385, 388, 391, 404, 409, 410, 411, 412, 414, 421, 422, 424, 440, 441, 442, 445, 446, 452, 453, 454, 456, 461, 462, 463, 464, 466, 472, 473, 479], "summary": {"covered_lines": 192, "num_statements": 211, "percent_covered": 90.99526066350711, "percent_covered_display": "91.0", "missing_lines": 19, "excluded_lines": 0, "percent_statements_covered": 90.99526066350711, "percent_statements_covered_display": "91.0"}, "missing_lines": [37, 68, 74, 88, 95, 96, 97, 98, 103, 104, 167, 207, 228, 280, 316, 323, 350, 377, 455], "excluded_lines": [], "functions": {"_org_owner_ids": {"executed_lines": [35, 36, 38], "summary": {"covered_lines": 3, "num_statements": 4, "percent_covered": 75.0, "percent_covered_display": "75.0", "missing_lines": 1, "excluded_lines": 0, "percent_statements_covered": 75.0, "percent_statements_covered_display": "75.0"}, "missing_lines": [37], "excluded_lines": [], "start_line": 34}, "_workspace_member_roles": {"executed_lines": [49], "summary": {"covered_lines": 1, "num_statements": 1, "percent_covered": 100.0, "percent_covered_display": "100.0", "missing_lines": 0, "excluded_lines": 0, "percent_statements_covered": 100.0, "percent_statements_covered_display": "100.0"}, "missing_lines": [], "excluded_lines": [], "start_line": 48}, "_effective_chat_role": {"executed_lines": [65, 66, 67, 69], "summary": {"covered_lines": 4, "num_statements": 5, "percent_covered": 80.0, "percent_covered_display": "80.0", "missing_lines": 1, "excluded_lines": 0, "percent_statements_covered": 80.0, "percent_statements_covered_display": "80.0"}, "missing_lines": [68], "excluded_lines": [], "start_line": 59}, "_ensure_public_channel_members": {"executed_lines": [73, 75, 76, 79, 80, 81, 82], "summary": {"covered_lines": 7, "num_statements": 8, "percent_covered": 87.5, "percent_covered_display": "87.5", "missing_lines": 1, "excluded_lines": 0, "percent_statements_covered": 87.5, "percent_statements_covered_display": "87.5"}, "missing_lines": [74], "excluded_lines": [], "start_line": 72}, "_require_channel_member": {"executed_lines": [86, 87, 89, 94, 105], "summary": {"covered_lines": 5, "num_statements": 12, "percent_covered": 41.666666666666664, "percent_covered_display": "41.7", "missing_lines": 7, "excluded_lines": 0, "percent_statements_covered": 41.666666666666664, "percent_statements_covered_display": "41.7"}, "missing_lines": [88, 95, 96, 97, 98, 103, 104], "excluded_lines": [], "start_line": 85}, "_channel_out": {"executed_lines": [109, 110, 113, 118, 119, 124, 129, 130, 131, 132], "summary": {"covered_lines": 10, "num_statements": 10, "percent_covered": 100.0, "percent_covered_display": "100.0", "missing_lines": 0, "excluded_lines": 0, "percent_statements_covered": 100.0, "percent_statements_covered_display": "100.0"}, "missing_lines": [], "excluded_lines": [], "start_line": 108}, "list_channels": {"executed_lines": [141, 142, 143, 152, 153, 154], "summary": {"covered_lines": 6, "num_statements": 6, "percent_covered": 100.0, "percent_covered_display": "100.0", "missing_lines": 0, "excluded_lines": 0, "percent_statements_covered": 100.0, "percent_statements_covered_display": "100.0"}, "missing_lines": [], "excluded_lines": [], "start_line": 136}, "create_channel": {"executed_lines": [165, 166, 168, 176, 177, 178, 179, 184, 185, 186, 187, 188, 189, 195], "summary": {"covered_lines": 14, "num_statements": 15, "percent_covered": 93.33333333333333, "percent_covered_display": "93.3", "missing_lines": 1, "excluded_lines": 0, "percent_statements_covered": 93.33333333333333, "percent_statements_covered_display": "93.3"}, "missing_lines": [167], "excluded_lines": [], "start_line": 158}, "update_channel": {"executed_lines": [205, 206, 208, 209, 210, 211, 217], "summary": {"covered_lines": 7, "num_statements": 8, "percent_covered": 87.5, "percent_covered_display": "87.5", "missing_lines": 1, "excluded_lines": 0, "percent_statements_covered": 87.5, "percent_statements_covered_display": "87.5"}, "missing_lines": [207], "excluded_lines": [], "start_line": 199}, "delete_channel": {"executed_lines": [226, 227, 229, 230, 231, 232, 238], "summary": {"covered_lines": 7, "num_statements": 8, "percent_covered": 87.5, "percent_covered_display": "87.5", "missing_lines": 1, "excluded_lines": 0, "percent_statements_covered": 87.5, "percent_statements_covered_display": "87.5"}, "missing_lines": [228], "excluded_lines": [], "start_line": 221}, "list_channel_members": {"executed_lines": [247, 248, 249, 250, 251, 252, 253, 256, 257, 258, 259, 260, 266, 267, 268], "summary": {"covered_lines": 15, "num_statements": 15, "percent_covered": 100.0, "percent_covered_display": "100.0", "missing_lines": 0, "excluded_lines": 0, "percent_statements_covered": 100.0, "percent_statements_covered_display": "100.0"}, "missing_lines": [], "excluded_lines": [], "start_line": 242}, "add_channel_members": {"executed_lines": [278, 279, 281, 288, 291, 292, 293, 294, 295, 296, 297, 298, 304], "summary": {"covered_lines": 13, "num_statements": 14, "percent_covered": 92.85714285714286, "percent_covered_display": "92.9", "missing_lines": 1, "excluded_lines": 0, "percent_statements_covered": 92.85714285714286, "percent_statements_covered_display": "92.9"}, "missing_lines": [280], "excluded_lines": [], "start_line": 272}, "remove_channel_member": {"executed_lines": [314, 315, 317, 322, 324, 325, 326, 332], "summary": {"covered_lines": 8, "num_statements": 10, "percent_covered": 80.0, "percent_covered_display": "80.0", "missing_lines": 2, "excluded_lines": 0, "percent_statements_covered": 80.0, "percent_statements_covered_display": "80.0"}, "missing_lines": [316, 323], "excluded_lines": [], "start_line": 308}, "list_messages": {"executed_lines": [344, 345, 346, 349, 351, 352, 356, 357, 358, 359, 360, 361, 362, 363], "summary": {"covered_lines": 14, "num_statements": 15, "percent_covered": 93.33333333333333, "percent_covered_display": "93.3", "missing_lines": 1, "excluded_lines": 0, "percent_statements_covered": 93.33333333333333, "percent_statements_covered_display": "93.3"}, "missing_lines": [350], "excluded_lines": [], "start_line": 336}, "send_message": {"executed_lines": [373, 374, 375, 376, 378, 384, 385, 388, 391, 404, 409, 410, 411, 412, 414, 421, 422, 424, 440, 441, 442], "summary": {"covered_lines": 21, "num_statements": 22, "percent_covered": 95.45454545454545, "percent_covered_display": "95.5", "missing_lines": 1, "excluded_lines": 0, "percent_statements_covered": 95.45454545454545, "percent_statements_covered_display": "95.5"}, "missing_lines": [377], "excluded_lines": [], "start_line": 367}, "mark_channel_read": {"executed_lines": [452, 453, 454, 456, 461, 462, 463, 464, 466, 472, 473, 479], "summary": {"covered_lines": 12, "num_statements": 13, "percent_covered": 92.3076923076923, "percent_covered_display": "92.3", "missing_lines": 1, "excluded_lines": 0, "percent_statements_covered": 92.3076923076923, "percent_statements_covered_display": "92.3"}, "missing_lines": [455], "excluded_lines": [], "start_line": 446}, "": {"executed_lines": [1, 2, 4, 5, 6, 8, 9, 10, 11, 12, 13, 14, 15, 25, 26, 27, 28, 29, 31, 34, 48, 59, 72, 85, 108, 135, 136, 157, 158, 198, 199, 220, 221, 241, 242, 271, 272, 307, 308, 335, 336, 366, 367, 445, 446], "summary": {"covered_lines": 45, "num_statements": 45, "percent_covered": 100.0, "percent_covered_display": "100.0", "missing_lines": 0, "excluded_lines": 0, "percent_statements_covered": 100.0, "percent_statements_covered_display": "100.0"}, "missing_lines": [], "excluded_lines": [], "start_line": 1}}, "classes": {"": {"executed_lines": [1, 2, 4, 5, 6, 8, 9, 10, 11, 12, 13, 14, 15, 25, 26, 27, 28, 29, 31, 34, 35, 36, 38, 48, 49, 59, 65, 66, 67, 69, 72, 73, 75, 76, 79, 80, 81, 82, 85, 86, 87, 89, 94, 105, 108, 109, 110, 113, 118, 119, 124, 129, 130, 131, 132, 135, 136, 141, 142, 143, 152, 153, 154, 157, 158, 165, 166, 168, 176, 177, 178, 179, 184, 185, 186, 187, 188, 189, 195, 198, 199, 205, 206, 208, 209, 210, 211, 217, 220, 221, 226, 227, 229, 230, 231, 232, 238, 241, 242, 247, 248, 249, 250, 251, 252, 253, 256, 257, 258, 259, 260, 266, 267, 268, 271, 272, 278, 279, 281, 288, 291, 292, 293, 294, 295, 296, 297, 298, 304, 307, 308, 314, 315, 317, 322, 324, 325, 326, 332, 335, 336, 344, 345, 346, 349, 351, 352, 356, 357, 358, 359, 360, 361, 362, 363, 366, 367, 373, 374, 375, 376, 378, 384, 385, 388, 391, 404, 409, 410, 411, 412, 414, 421, 422, 424, 440, 441, 442, 445, 446, 452, 453, 454, 456, 461, 462, 463, 464, 466, 472, 473, 479], "summary": {"covered_lines": 192, "num_statements": 211, "percent_covered": 90.99526066350711, "percent_covered_display": "91.0", "missing_lines": 19, "excluded_lines": 0, "percent_statements_covered": 90.99526066350711, "percent_statements_covered_display": "91.0"}, "missing_lines": [37, 68, 74, 88, 95, 96, 97, 98, 103, 104, 167, 207, 228, 280, 316, 323, 350, 377, 455], "excluded_lines": [], "start_line": 1}}}, "app\\api\\v1\\comments.py": {"executed_lines": [1, 2, 4, 5, 6, 8, 9, 10, 11, 12, 13, 14, 15, 16, 17, 18, 19, 20, 21, 22, 24, 27, 29, 32, 37, 40, 41, 48, 49, 51, 52, 53, 54, 57, 58, 68, 69, 70, 71, 72, 73, 74, 77, 78, 84, 85, 87, 88, 90, 91, 98, 104, 105, 107, 108, 109, 116, 117, 128, 131, 145, 148, 149, 151, 159, 175, 176, 177, 180, 181, 187, 188, 190, 191, 192, 193, 195, 196, 197, 203, 204, 205, 208, 209, 214, 215, 217, 218, 219, 220, 221, 224, 225, 226, 232], "summary": {"covered_lines": 95, "num_statements": 111, "percent_covered": 85.58558558558559, "percent_covered_display": "85.6", "missing_lines": 16, "excluded_lines": 0, "percent_statements_covered": 85.58558558558559, "percent_statements_covered_display": "85.6"}, "missing_lines": [50, 86, 92, 93, 94, 95, 96, 132, 139, 140, 141, 152, 189, 194, 216, 223], "excluded_lines": [], "functions": {"_commentable_user_ids": {"executed_lines": [29, 32, 37], "summary": {"covered_lines": 3, "num_statements": 3, "percent_covered": 100.0, "percent_covered_display": "100.0", "missing_lines": 0, "excluded_lines": 0, "percent_statements_covered": 100.0, "percent_statements_covered_display": "100.0"}, "missing_lines": [], "excluded_lines": [], "start_line": 27}, "list_comments": {"executed_lines": [48, 49, 51, 52, 53, 54, 57, 58, 68, 69, 70, 71, 72, 73, 74], "summary": {"covered_lines": 15, "num_statements": 16, "percent_covered": 93.75, "percent_covered_display": "93.8", "missing_lines": 1, "excluded_lines": 0, "percent_statements_covered": 93.75, "percent_statements_covered_display": "93.8"}, "missing_lines": [50], "excluded_lines": [], "start_line": 41}, "create_comment": {"executed_lines": [84, 85, 87, 88, 90, 91, 98, 104, 105, 107, 108, 109, 116, 117, 128, 131, 145, 148, 149, 151, 159, 175, 176, 177], "summary": {"covered_lines": 24, "num_statements": 35, "percent_covered": 68.57142857142857, "percent_covered_display": "68.6", "missing_lines": 11, "excluded_lines": 0, "percent_statements_covered": 68.57142857142857, "percent_statements_covered_display": "68.6"}, "missing_lines": [86, 92, 93, 94, 95, 96, 132, 139, 140, 141, 152], "excluded_lines": [], "start_line": 78}, "update_comment": {"executed_lines": [187, 188, 190, 191, 192, 193, 195, 196, 197, 203, 204, 205], "summary": {"covered_lines": 12, "num_statements": 14, "percent_covered": 85.71428571428571, "percent_covered_display": "85.7", "missing_lines": 2, "excluded_lines": 0, "percent_statements_covered": 85.71428571428571, "percent_statements_covered_display": "85.7"}, "missing_lines": [189, 194], "excluded_lines": [], "start_line": 181}, "delete_comment": {"executed_lines": [214, 215, 217, 218, 219, 220, 221, 224, 225, 226, 232], "summary": {"covered_lines": 11, "num_statements": 13, "percent_covered": 84.61538461538461, "percent_covered_display": "84.6", "missing_lines": 2, "excluded_lines": 0, "percent_statements_covered": 84.61538461538461, "percent_statements_covered_display": "84.6"}, "missing_lines": [216, 223], "excluded_lines": [], "start_line": 209}, "": {"executed_lines": [1, 2, 4, 5, 6, 8, 9, 10, 11, 12, 13, 14, 15, 16, 17, 18, 19, 20, 21, 22, 24, 27, 40, 41, 77, 78, 180, 181, 208, 209], "summary": {"covered_lines": 30, "num_statements": 30, "percent_covered": 100.0, "percent_covered_display": "100.0", "missing_lines": 0, "excluded_lines": 0, "percent_statements_covered": 100.0, "percent_statements_covered_display": "100.0"}, "missing_lines": [], "excluded_lines": [], "start_line": 1}}, "classes": {"": {"executed_lines": [1, 2, 4, 5, 6, 8, 9, 10, 11, 12, 13, 14, 15, 16, 17, 18, 19, 20, 21, 22, 24, 27, 29, 32, 37, 40, 41, 48, 49, 51, 52, 53, 54, 57, 58, 68, 69, 70, 71, 72, 73, 74, 77, 78, 84, 85, 87, 88, 90, 91, 98, 104, 105, 107, 108, 109, 116, 117, 128, 131, 145, 148, 149, 151, 159, 175, 176, 177, 180, 181, 187, 188, 190, 191, 192, 193, 195, 196, 197, 203, 204, 205, 208, 209, 214, 215, 217, 218, 219, 220, 221, 224, 225, 226, 232], "summary": {"covered_lines": 95, "num_statements": 111, "percent_covered": 85.58558558558559, "percent_covered_display": "85.6", "missing_lines": 16, "excluded_lines": 0, "percent_statements_covered": 85.58558558558559, "percent_statements_covered_display": "85.6"}, "missing_lines": [50, 86, 92, 93, 94, 95, 96, 132, 139, 140, 141, 152, 189, 194, 216, 223], "excluded_lines": [], "start_line": 1}}}, "app\\api\\v1\\forms.py": {"executed_lines": [1, 2, 3, 4, 6, 7, 8, 10, 11, 12, 13, 14, 15, 16, 17, 18, 19, 27, 28, 29, 30, 32, 34, 39, 42, 49, 50, 51, 54, 55, 56, 59, 60, 61, 63, 64, 67, 68, 73, 74, 75, 79, 80, 81, 83, 84, 85, 88, 89, 95, 96, 97, 98, 99, 108, 109, 110, 113, 114, 117, 118, 123, 126, 127, 133, 134, 135, 136, 137, 138, 139, 140, 143, 144, 149, 150, 151, 152, 153, 156, 157, 164, 165, 166, 167, 168, 172, 173, 174, 175, 176, 177, 178, 179, 180, 181, 186, 187, 188, 190, 191, 192, 193, 195, 196, 198, 201, 202, 203, 209, 210, 211, 220, 224, 225, 229, 230, 231, 232, 233, 234, 235, 236, 237, 239, 240, 241, 246, 248, 250, 251, 253, 254, 255, 256, 257, 258, 259, 261, 263, 273, 274, 276, 284, 287, 288, 289, 292, 293, 294, 295, 302, 303, 304, 308, 309, 310, 313, 314, 321, 322, 323, 324], "summary": {"covered_lines": 163, "num_statements": 180, "percent_covered": 90.55555555555556, "percent_covered_display": "90.6", "missing_lines": 17, "excluded_lines": 0, "percent_statements_covered": 90.55555555555556, "percent_statements_covered_display": "90.6"}, "missing_lines": [43, 44, 45, 46, 62, 82, 189, 194, 197, 226, 238, 242, 243, 244, 245, 247, 260], "excluded_lines": [], "functions": {"_public_form_rate_key": {"executed_lines": [], "summary": {"covered_lines": 0, "num_statements": 4, "percent_covered": 0.0, "percent_covered_display": "0.0", "missing_lines": 4, "excluded_lines": 0, "percent_statements_covered": 0.0, "percent_statements_covered_display": "0.0"}, "missing_lines": [43, 44, 45, 46], "excluded_lines": [], "start_line": 42}, "_form_out": {"executed_lines": [50, 51, 54, 55, 56], "summary": {"covered_lines": 5, "num_statements": 5, "percent_covered": 100.0, "percent_covered_display": "100.0", "missing_lines": 0, "excluded_lines": 0, "percent_statements_covered": 100.0, "percent_statements_covered_display": "100.0"}, "missing_lines": [], "excluded_lines": [], "start_line": 49}, "_get_form": {"executed_lines": [60, 61, 63, 64], "summary": {"covered_lines": 4, "num_statements": 5, "percent_covered": 80.0, "percent_covered_display": "80.0", "missing_lines": 1, "excluded_lines": 0, "percent_statements_covered": 80.0, "percent_statements_covered_display": "80.0"}, "missing_lines": [62], "excluded_lines": [], "start_line": 59}, "list_forms": {"executed_lines": [73, 74, 75, 79, 80, 81, 83, 84, 85], "summary": {"covered_lines": 9, "num_statements": 10, "percent_covered": 90.0, "percent_covered_display": "90.0", "missing_lines": 1, "excluded_lines": 0, "percent_statements_covered": 90.0, "percent_statements_covered_display": "90.0"}, "missing_lines": [82], "excluded_lines": [], "start_line": 68}, "create_form": {"executed_lines": [95, 96, 97, 98, 99, 108, 109, 110, 113, 114], "summary": {"covered_lines": 10, "num_statements": 10, "percent_covered": 100.0, "percent_covered_display": "100.0", "missing_lines": 0, "excluded_lines": 0, "percent_statements_covered": 100.0, "percent_statements_covered_display": "100.0"}, "missing_lines": [], "excluded_lines": [], "start_line": 89}, "get_form": {"executed_lines": [123], "summary": {"covered_lines": 1, "num_statements": 1, "percent_covered": 100.0, "percent_covered_display": "100.0", "missing_lines": 0, "excluded_lines": 0, "percent_statements_covered": 100.0, "percent_statements_covered_display": "100.0"}, "missing_lines": [], "excluded_lines": [], "start_line": 118}, "update_form": {"executed_lines": [133, 134, 135, 136, 137, 138, 139, 140], "summary": {"covered_lines": 8, "num_statements": 8, "percent_covered": 100.0, "percent_covered_display": "100.0", "missing_lines": 0, "excluded_lines": 0, "percent_statements_covered": 100.0, "percent_statements_covered_display": "100.0"}, "missing_lines": [], "excluded_lines": [], "start_line": 127}, "delete_form": {"executed_lines": [149, 150, 151, 152, 153], "summary": {"covered_lines": 5, "num_statements": 5, "percent_covered": 100.0, "percent_covered_display": "100.0", "missing_lines": 0, "excluded_lines": 0, "percent_statements_covered": 100.0, "percent_statements_covered_display": "100.0"}, "missing_lines": [], "excluded_lines": [], "start_line": 144}, "list_submissions": {"executed_lines": [164, 165, 166, 167, 168, 172, 173, 174, 175, 176, 177, 178, 179, 180, 181], "summary": {"covered_lines": 15, "num_statements": 15, "percent_covered": 100.0, "percent_covered_display": "100.0", "missing_lines": 0, "excluded_lines": 0, "percent_statements_covered": 100.0, "percent_statements_covered_display": "100.0"}, "missing_lines": [], "excluded_lines": [], "start_line": 157}, "_public_form": {"executed_lines": [187, 188, 190, 191, 192, 193, 195, 196, 198], "summary": {"covered_lines": 9, "num_statements": 12, "percent_covered": 75.0, "percent_covered_display": "75.0", "missing_lines": 3, "excluded_lines": 0, "percent_statements_covered": 75.0, "percent_statements_covered_display": "75.0"}, "missing_lines": [189, 194, 197], "excluded_lines": [], "start_line": 186}, "public_form": {"executed_lines": [209, 210, 211], "summary": {"covered_lines": 3, "num_statements": 3, "percent_covered": 100.0, "percent_covered_display": "100.0", "missing_lines": 0, "excluded_lines": 0, "percent_statements_covered": 100.0, "percent_statements_covered_display": "100.0"}, "missing_lines": [], "excluded_lines": [], "start_line": 203}, "_process_submission": {"executed_lines": [224, 225, 229, 230, 231, 232, 233, 234, 235, 236, 237, 239, 240, 241, 246, 248, 250, 251, 253, 254, 255, 256, 257, 258, 259, 261, 263, 273, 274, 276, 284, 287, 288, 289], "summary": {"covered_lines": 34, "num_statements": 42, "percent_covered": 80.95238095238095, "percent_covered_display": "81.0", "missing_lines": 8, "excluded_lines": 0, "percent_statements_covered": 80.95238095238095, "percent_statements_covered_display": "81.0"}, "missing_lines": [226, 238, 242, 243, 244, 245, 247, 260], "excluded_lines": [], "start_line": 220}, "submit_public_form": {"executed_lines": [302, 303, 304, 308, 309, 310], "summary": {"covered_lines": 6, "num_statements": 6, "percent_covered": 100.0, "percent_covered_display": "100.0", "missing_lines": 0, "excluded_lines": 0, "percent_statements_covered": 100.0, "percent_statements_covered_display": "100.0"}, "missing_lines": [], "excluded_lines": [], "start_line": 295}, "submit_form_as_member": {"executed_lines": [321, 322, 323, 324], "summary": {"covered_lines": 4, "num_statements": 4, "percent_covered": 100.0, "percent_covered_display": "100.0", "missing_lines": 0, "excluded_lines": 0, "percent_statements_covered": 100.0, "percent_statements_covered_display": "100.0"}, "missing_lines": [], "excluded_lines": [], "start_line": 314}, "": {"executed_lines": [1, 2, 3, 4, 6, 7, 8, 10, 11, 12, 13, 14, 15, 16, 17, 18, 19, 27, 28, 29, 30, 32, 34, 39, 42, 49, 59, 67, 68, 88, 89, 117, 118, 126, 127, 143, 144, 156, 157, 186, 201, 202, 203, 220, 292, 293, 294, 295, 313, 314], "summary": {"covered_lines": 50, "num_statements": 50, "percent_covered": 100.0, "percent_covered_display": "100.0", "missing_lines": 0, "excluded_lines": 0, "percent_statements_covered": 100.0, "percent_statements_covered_display": "100.0"}, "missing_lines": [], "excluded_lines": [], "start_line": 1}}, "classes": {"": {"executed_lines": [1, 2, 3, 4, 6, 7, 8, 10, 11, 12, 13, 14, 15, 16, 17, 18, 19, 27, 28, 29, 30, 32, 34, 39, 42, 49, 50, 51, 54, 55, 56, 59, 60, 61, 63, 64, 67, 68, 73, 74, 75, 79, 80, 81, 83, 84, 85, 88, 89, 95, 96, 97, 98, 99, 108, 109, 110, 113, 114, 117, 118, 123, 126, 127, 133, 134, 135, 136, 137, 138, 139, 140, 143, 144, 149, 150, 151, 152, 153, 156, 157, 164, 165, 166, 167, 168, 172, 173, 174, 175, 176, 177, 178, 179, 180, 181, 186, 187, 188, 190, 191, 192, 193, 195, 196, 198, 201, 202, 203, 209, 210, 211, 220, 224, 225, 229, 230, 231, 232, 233, 234, 235, 236, 237, 239, 240, 241, 246, 248, 250, 251, 253, 254, 255, 256, 257, 258, 259, 261, 263, 273, 274, 276, 284, 287, 288, 289, 292, 293, 294, 295, 302, 303, 304, 308, 309, 310, 313, 314, 321, 322, 323, 324], "summary": {"covered_lines": 163, "num_statements": 180, "percent_covered": 90.55555555555556, "percent_covered_display": "90.6", "missing_lines": 17, "excluded_lines": 0, "percent_statements_covered": 90.55555555555556, "percent_statements_covered_display": "90.6"}, "missing_lines": [43, 44, 45, 46, 62, 82, 189, 194, 197, 226, 238, 242, 243, 244, 245, 247, 260], "excluded_lines": [], "start_line": 1}}}, "app\\api\\v1\\github.py": {"executed_lines": [12, 13, 14, 15, 16, 18, 19, 20, 21, 22, 23, 25, 26, 27, 28, 29, 37, 38, 58, 59, 60, 61, 63, 66, 67, 68, 69, 70, 73, 74, 75, 84, 85, 94, 95, 103, 104, 107, 109, 110, 111, 113, 116, 117, 118, 121, 122, 129, 132, 133, 134, 135, 142, 143, 149, 150, 151, 152, 153, 154, 155, 156, 157, 158, 159, 161, 163, 164, 165, 167, 168, 175, 181, 182, 183, 186, 189, 192, 193, 194, 205, 207, 208, 209, 211, 212, 213, 214, 215, 217, 223, 224, 235, 236, 238, 239, 240, 241, 242, 243, 245, 246, 247, 248, 250, 251, 252, 266, 267, 268, 271, 272, 273, 282, 283, 285, 286, 287, 288, 290, 291, 292, 294, 295, 296, 297, 298, 299, 300, 306, 307, 309, 312, 313, 319, 320, 321, 322, 324, 325, 326, 327, 328, 329, 330, 332, 333, 335, 337, 339, 340, 341, 342, 343, 344, 346, 358, 360, 361, 364, 365, 372, 373, 378, 379, 380, 381, 382, 388, 389, 394, 395, 396, 397, 398, 400, 401, 408, 409, 414, 415, 416, 417, 418, 419, 427, 428, 433, 434, 435, 436, 437, 439, 440, 443, 444, 450, 451, 452, 453, 454, 455, 456, 457, 458, 459, 467, 468, 474, 475, 476, 478, 479, 480, 481, 482, 493, 494, 501, 502, 503, 504, 505, 506, 509, 527, 528, 535, 536, 537, 538, 542, 543, 544, 545, 546, 550, 551, 556, 557, 561, 571, 572, 574, 575, 578, 579, 584, 585, 592, 595, 596, 601, 602, 604, 605, 610, 611, 612, 613, 614, 616, 617, 618, 619, 620, 621, 622, 624, 625, 632, 633, 634, 635, 637, 638, 641, 644, 649, 650, 651, 654, 655, 656, 657, 661, 664, 665, 670, 671, 672, 673, 674, 675, 676, 677, 678, 681, 682, 687, 688, 689, 691, 692, 693, 694, 695, 697, 698, 703, 704, 705, 708, 709, 711, 712, 713, 714, 717, 718, 724, 725, 726, 728, 729, 731, 732, 733, 734, 735, 736, 737, 738, 741, 744, 745, 751, 752, 753, 755, 756, 758, 759, 760, 761, 762, 763, 764, 767, 768, 769, 776, 777, 782, 784, 785, 787, 788, 794, 797, 798, 805, 806, 807, 808, 809, 813, 823, 824, 830, 831, 834, 835, 836, 843, 844, 846, 847, 850, 851, 856, 857, 863, 866, 867, 872, 873, 875, 876, 877, 878, 879, 880, 895, 904, 905, 907, 908], "summary": {"covered_lines": 398, "num_statements": 434, "percent_covered": 91.70506912442396, "percent_covered_display": "91.7", "missing_lines": 36, "excluded_lines": 0, "percent_statements_covered": 91.70506912442396, "percent_statements_covered_display": "91.7"}, "missing_lines": [76, 77, 112, 210, 216, 218, 219, 220, 301, 302, 334, 477, 507, 508, 547, 548, 552, 553, 554, 603, 606, 607, 636, 727, 739, 740, 754, 786, 874, 881, 885, 886, 887, 888, 889, 894], "excluded_lines": [], "functions": {"_github_token": {"executed_lines": [67, 68, 69, 70], "summary": {"covered_lines": 4, "num_statements": 4, "percent_covered": 100.0, "percent_covered_display": "100.0", "missing_lines": 0, "excluded_lines": 0, "percent_statements_covered": 100.0, "percent_statements_covered_display": "100.0"}, "missing_lines": [], "excluded_lines": [], "start_line": 66}, "_parsed_repo": {"executed_lines": [74, 75], "summary": {"covered_lines": 2, "num_statements": 4, "percent_covered": 50.0, "percent_covered_display": "50.0", "missing_lines": 2, "excluded_lines": 0, "percent_statements_covered": 50.0, "percent_statements_covered_display": "50.0"}, "missing_lines": [76, 77], "excluded_lines": [], "start_line": 73}, "_personal_connection": {"executed_lines": [85], "summary": {"covered_lines": 1, "num_statements": 1, "percent_covered": 100.0, "percent_covered_display": "100.0", "missing_lines": 0, "excluded_lines": 0, "percent_statements_covered": 100.0, "percent_statements_covered_display": "100.0"}, "missing_lines": [], "excluded_lines": [], "start_line": 84}, "_project_connection": {"executed_lines": [95], "summary": {"covered_lines": 1, "num_statements": 1, "percent_covered": 100.0, "percent_covered_display": "100.0", "missing_lines": 0, "excluded_lines": 0, "percent_statements_covered": 100.0, "percent_statements_covered_display": "100.0"}, "missing_lines": [], "excluded_lines": [], "start_line": 94}, "_project_org_id": {"executed_lines": [104], "summary": {"covered_lines": 1, "num_statements": 1, "percent_covered": 100.0, "percent_covered_display": "100.0", "missing_lines": 0, "excluded_lines": 0, "percent_statements_covered": 100.0, "percent_statements_covered_display": "100.0"}, "missing_lines": [], "excluded_lines": [], "start_line": 103}, "_can_manage_project": {"executed_lines": [109, 110, 111, 113], "summary": {"covered_lines": 4, "num_statements": 5, "percent_covered": 80.0, "percent_covered_display": "80.0", "missing_lines": 1, "excluded_lines": 0, "percent_statements_covered": 80.0, "percent_statements_covered_display": "80.0"}, "missing_lines": [112], "excluded_lines": [], "start_line": 107}, "_slugify": {"executed_lines": [117, 118], "summary": {"covered_lines": 2, "num_statements": 2, "percent_covered": 100.0, "percent_covered_display": "100.0", "missing_lines": 0, "excluded_lines": 0, "percent_statements_covered": 100.0, "percent_statements_covered_display": "100.0"}, "missing_lines": [], "excluded_lines": [], "start_line": 116}, "_format_branch_name": {"executed_lines": [122, 129], "summary": {"covered_lines": 2, "num_statements": 2, "percent_covered": 100.0, "percent_covered_display": "100.0", "missing_lines": 0, "excluded_lines": 0, "percent_statements_covered": 100.0, "percent_statements_covered_display": "100.0"}, "missing_lines": [], "excluded_lines": [], "start_line": 121}, "_task_ref": {"executed_lines": [133, 134, 135], "summary": {"covered_lines": 3, "num_statements": 3, "percent_covered": 100.0, "percent_covered_display": "100.0", "missing_lines": 0, "excluded_lines": 0, "percent_statements_covered": 100.0, "percent_statements_covered_display": "100.0"}, "missing_lines": [], "excluded_lines": [], "start_line": 132}, "github_webhook": {"executed_lines": [149, 150, 151, 152, 153, 154, 155, 156, 157, 158, 159, 161, 163, 164, 165, 167, 168], "summary": {"covered_lines": 17, "num_statements": 17, "percent_covered": 100.0, "percent_covered_display": "100.0", "missing_lines": 0, "excluded_lines": 0, "percent_statements_covered": 100.0, "percent_statements_covered_display": "100.0"}, "missing_lines": [], "excluded_lines": [], "start_line": 143}, "_oauth_cookie_cross_site": {"executed_lines": [189], "summary": {"covered_lines": 1, "num_statements": 1, "percent_covered": 100.0, "percent_covered_display": "100.0", "missing_lines": 0, "excluded_lines": 0, "percent_statements_covered": 100.0, "percent_statements_covered_display": "100.0"}, "missing_lines": [], "excluded_lines": [], "start_line": 186}, "_set_oauth_state_cookie": {"executed_lines": [193, 194], "summary": {"covered_lines": 2, "num_statements": 2, "percent_covered": 100.0, "percent_covered_display": "100.0", "missing_lines": 0, "excluded_lines": 0, "percent_statements_covered": 100.0, "percent_statements_covered_display": "100.0"}, "missing_lines": [], "excluded_lines": [], "start_line": 192}, "_sanitize_return_path": {"executed_lines": [207, 208, 209, 211, 212, 213, 214, 215, 217], "summary": {"covered_lines": 9, "num_statements": 14, "percent_covered": 64.28571428571429, "percent_covered_display": "64.3", "missing_lines": 5, "excluded_lines": 0, "percent_statements_covered": 64.28571428571429, "percent_statements_covered_display": "64.3"}, "missing_lines": [210, 216, 218, 219, 220], "excluded_lines": [], "start_line": 205}, "github_oauth_authorize": {"executed_lines": [235, 236, 238, 239, 240, 241, 242, 243, 245, 246, 247, 248, 250, 251, 252, 266, 267, 268], "summary": {"covered_lines": 18, "num_statements": 18, "percent_covered": 100.0, "percent_covered_display": "100.0", "missing_lines": 0, "excluded_lines": 0, "percent_statements_covered": 100.0, "percent_statements_covered_display": "100.0"}, "missing_lines": [], "excluded_lines": [], "start_line": 224}, "github_oauth_callback": {"executed_lines": [282, 283, 285, 290, 291, 292, 294, 295, 296, 297, 298, 299, 300, 306, 307, 309, 312, 313, 319, 320, 321, 322, 324, 325, 326, 327, 328, 329, 330, 332, 333, 335, 337, 339, 340, 341, 342, 343, 344, 346, 358, 360, 361, 364, 365], "summary": {"covered_lines": 45, "num_statements": 48, "percent_covered": 93.75, "percent_covered_display": "93.8", "missing_lines": 3, "excluded_lines": 0, "percent_statements_covered": 93.75, "percent_statements_covered_display": "93.8"}, "missing_lines": [301, 302, 334], "excluded_lines": [], "start_line": 273}, "github_oauth_callback.fail": {"executed_lines": [286, 287, 288], "summary": {"covered_lines": 3, "num_statements": 3, "percent_covered": 100.0, "percent_covered_display": "100.0", "missing_lines": 0, "excluded_lines": 0, "percent_statements_covered": 100.0, "percent_statements_covered_display": "100.0"}, "missing_lines": [], "excluded_lines": [], "start_line": 285}, "personal_connection_status": {"executed_lines": [378, 379, 380, 381, 382], "summary": {"covered_lines": 5, "num_statements": 5, "percent_covered": 100.0, "percent_covered_display": "100.0", "missing_lines": 0, "excluded_lines": 0, "percent_statements_covered": 100.0, "percent_statements_covered_display": "100.0"}, "missing_lines": [], "excluded_lines": [], "start_line": 373}, "disconnect_personal": {"executed_lines": [394, 395, 396, 397, 398, 400, 401], "summary": {"covered_lines": 7, "num_statements": 7, "percent_covered": 100.0, "percent_covered_display": "100.0", "missing_lines": 0, "excluded_lines": 0, "percent_statements_covered": 100.0, "percent_statements_covered_display": "100.0"}, "missing_lines": [], "excluded_lines": [], "start_line": 389}, "project_connection_status": {"executed_lines": [414, 415, 416, 417, 418, 419], "summary": {"covered_lines": 6, "num_statements": 6, "percent_covered": 100.0, "percent_covered_display": "100.0", "missing_lines": 0, "excluded_lines": 0, "percent_statements_covered": 100.0, "percent_statements_covered_display": "100.0"}, "missing_lines": [], "excluded_lines": [], "start_line": 409}, "disconnect_project": {"executed_lines": [433, 434, 435, 436, 437, 439, 440], "summary": {"covered_lines": 7, "num_statements": 7, "percent_covered": 100.0, "percent_covered_display": "100.0", "missing_lines": 0, "excluded_lines": 0, "percent_statements_covered": 100.0, "percent_statements_covered_display": "100.0"}, "missing_lines": [], "excluded_lines": [], "start_line": 428}, "update_project_connection_settings": {"executed_lines": [450, 451, 452, 453, 454, 455, 456, 457, 458, 459], "summary": {"covered_lines": 10, "num_statements": 10, "percent_covered": 100.0, "percent_covered_display": "100.0", "missing_lines": 0, "excluded_lines": 0, "percent_statements_covered": 100.0, "percent_statements_covered_display": "100.0"}, "missing_lines": [], "excluded_lines": [], "start_line": 444}, "list_available_repos": {"executed_lines": [474, 475, 476, 478, 479, 480, 481, 482], "summary": {"covered_lines": 8, "num_statements": 9, "percent_covered": 88.88888888888889, "percent_covered_display": "88.9", "missing_lines": 1, "excluded_lines": 0, "percent_statements_covered": 88.88888888888889, "percent_statements_covered_display": "88.9"}, "missing_lines": [477], "excluded_lines": [], "start_line": 468}, "connected_search": {"executed_lines": [501, 502, 503, 504, 505, 506, 509], "summary": {"covered_lines": 7, "num_statements": 9, "percent_covered": 77.77777777777777, "percent_covered_display": "77.8", "missing_lines": 2, "excluded_lines": 0, "percent_statements_covered": 77.77777777777777, "percent_statements_covered_display": "77.8"}, "missing_lines": [507, 508], "excluded_lines": [], "start_line": 494}, "connect_repo": {"executed_lines": [535, 536, 537, 538, 542, 543, 544, 545, 546, 550, 551, 556, 557, 561, 571, 572, 574, 575], "summary": {"covered_lines": 18, "num_statements": 23, "percent_covered": 78.26086956521739, "percent_covered_display": "78.3", "missing_lines": 5, "excluded_lines": 0, "percent_statements_covered": 78.26086956521739, "percent_statements_covered_display": "78.3"}, "missing_lines": [547, 548, 552, 553, 554], "excluded_lines": [], "start_line": 528}, "project_repositories": {"executed_lines": [584, 585, 592], "summary": {"covered_lines": 3, "num_statements": 3, "percent_covered": 100.0, "percent_covered_display": "100.0", "missing_lines": 0, "excluded_lines": 0, "percent_statements_covered": 100.0, "percent_statements_covered_display": "100.0"}, "missing_lines": [], "excluded_lines": [], "start_line": 579}, "disconnect_repository": {"executed_lines": [601, 602, 604, 605, 610, 611, 612, 613, 614, 616, 617, 618, 619, 620, 621, 622, 624, 625], "summary": {"covered_lines": 18, "num_statements": 21, "percent_covered": 85.71428571428571, "percent_covered_display": "85.7", "missing_lines": 3, "excluded_lines": 0, "percent_statements_covered": 85.71428571428571, "percent_statements_covered_display": "85.7"}, "missing_lines": [603, 606, 607], "excluded_lines": [], "start_line": 596}, "_require_task": {"executed_lines": [633, 634, 635, 637, 638], "summary": {"covered_lines": 5, "num_statements": 6, "percent_covered": 83.33333333333333, "percent_covered_display": "83.3", "missing_lines": 1, "excluded_lines": 0, "percent_statements_covered": 83.33333333333333, "percent_statements_covered_display": "83.3"}, "missing_lines": [636], "excluded_lines": [], "start_line": 632}, "_active_repo_for_project": {"executed_lines": [644, 649, 650, 651], "summary": {"covered_lines": 4, "num_statements": 4, "percent_covered": 100.0, "percent_covered_display": "100.0", "missing_lines": 0, "excluded_lines": 0, "percent_statements_covered": 100.0, "percent_statements_covered_display": "100.0"}, "missing_lines": [], "excluded_lines": [], "start_line": 641}, "_require_personal_token": {"executed_lines": [655, 656, 657, 661], "summary": {"covered_lines": 4, "num_statements": 4, "percent_covered": 100.0, "percent_covered_display": "100.0", "missing_lines": 0, "excluded_lines": 0, "percent_statements_covered": 100.0, "percent_statements_covered_display": "100.0"}, "missing_lines": [], "excluded_lines": [], "start_line": 654}, "suggested_branch_name": {"executed_lines": [670, 671, 672, 673, 674, 675, 676, 677, 678], "summary": {"covered_lines": 9, "num_statements": 9, "percent_covered": 100.0, "percent_covered_display": "100.0", "missing_lines": 0, "excluded_lines": 0, "percent_statements_covered": 100.0, "percent_statements_covered_display": "100.0"}, "missing_lines": [], "excluded_lines": [], "start_line": 665}, "create_github_issue": {"executed_lines": [687, 688, 689, 691, 692, 693, 694, 695, 697, 698, 703, 704, 705, 708, 709, 711, 712, 713, 714], "summary": {"covered_lines": 19, "num_statements": 19, "percent_covered": 100.0, "percent_covered_display": "100.0", "missing_lines": 0, "excluded_lines": 0, "percent_statements_covered": 100.0, "percent_statements_covered_display": "100.0"}, "missing_lines": [], "excluded_lines": [], "start_line": 682}, "create_task_branch": {"executed_lines": [724, 725, 726, 728, 729, 731, 732, 733, 734, 735, 736, 737, 738, 741], "summary": {"covered_lines": 14, "num_statements": 17, "percent_covered": 82.3529411764706, "percent_covered_display": "82.4", "missing_lines": 3, "excluded_lines": 0, "percent_statements_covered": 82.3529411764706, "percent_statements_covered_display": "82.4"}, "missing_lines": [727, 739, 740], "excluded_lines": [], "start_line": 718}, "create_task_pr": {"executed_lines": [751, 752, 753, 755, 756, 758, 759, 760, 761, 762, 763, 764, 767, 768, 769], "summary": {"covered_lines": 15, "num_statements": 16, "percent_covered": 93.75, "percent_covered_display": "93.8", "missing_lines": 1, "excluded_lines": 0, "percent_statements_covered": 93.75, "percent_statements_covered_display": "93.8"}, "missing_lines": [754], "excluded_lines": [], "start_line": 745}, "task_github_events": {"executed_lines": [782, 784, 785, 787, 788, 794], "summary": {"covered_lines": 6, "num_statements": 7, "percent_covered": 85.71428571428571, "percent_covered_display": "85.7", "missing_lines": 1, "excluded_lines": 0, "percent_statements_covered": 85.71428571428571, "percent_statements_covered_display": "85.7"}, "missing_lines": [786], "excluded_lines": [], "start_line": 777}, "project_github_events": {"executed_lines": [805, 806, 807, 808, 809, 813], "summary": {"covered_lines": 6, "num_statements": 6, "percent_covered": 100.0, "percent_covered_display": "100.0", "missing_lines": 0, "excluded_lines": 0, "percent_statements_covered": 100.0, "percent_statements_covered_display": "100.0"}, "missing_lines": [], "excluded_lines": [], "start_line": 798}, "register_installation": {"executed_lines": [830, 831, 834, 835, 836, 843, 844, 846, 847], "summary": {"covered_lines": 9, "num_statements": 9, "percent_covered": 100.0, "percent_covered_display": "100.0", "missing_lines": 0, "excluded_lines": 0, "percent_statements_covered": 100.0, "percent_statements_covered_display": "100.0"}, "missing_lines": [], "excluded_lines": [], "start_line": 824}, "list_installations": {"executed_lines": [856, 857, 863], "summary": {"covered_lines": 3, "num_statements": 3, "percent_covered": 100.0, "percent_covered_display": "100.0", "missing_lines": 0, "excluded_lines": 0, "percent_statements_covered": 100.0, "percent_statements_covered_display": "100.0"}, "missing_lines": [], "excluded_lines": [], "start_line": 851}, "connect_repository": {"executed_lines": [872, 873, 875, 876, 877, 878, 879, 880, 895, 904, 905, 907, 908], "summary": {"covered_lines": 13, "num_statements": 21, "percent_covered": 61.904761904761905, "percent_covered_display": "61.9", "missing_lines": 8, "excluded_lines": 0, "percent_statements_covered": 61.904761904761905, "percent_statements_covered_display": "61.9"}, "missing_lines": [874, 881, 885, 886, 887, 888, 889, 894], "excluded_lines": [], "start_line": 867}, "": {"executed_lines": [12, 13, 14, 15, 16, 18, 19, 20, 21, 22, 23, 25, 26, 27, 28, 29, 37, 38, 58, 59, 60, 61, 63, 66, 73, 84, 94, 103, 107, 116, 121, 132, 142, 143, 175, 181, 182, 183, 186, 192, 205, 223, 224, 271, 272, 273, 372, 373, 388, 389, 408, 409, 427, 428, 443, 444, 467, 468, 493, 494, 527, 528, 578, 579, 595, 596, 632, 641, 654, 664, 665, 681, 682, 717, 718, 744, 745, 776, 777, 797, 798, 823, 824, 850, 851, 866, 867], "summary": {"covered_lines": 87, "num_statements": 87, "percent_covered": 100.0, "percent_covered_display": "100.0", "missing_lines": 0, "excluded_lines": 0, "percent_statements_covered": 100.0, "percent_statements_covered_display": "100.0"}, "missing_lines": [], "excluded_lines": [], "start_line": 1}}, "classes": {"": {"executed_lines": [12, 13, 14, 15, 16, 18, 19, 20, 21, 22, 23, 25, 26, 27, 28, 29, 37, 38, 58, 59, 60, 61, 63, 66, 67, 68, 69, 70, 73, 74, 75, 84, 85, 94, 95, 103, 104, 107, 109, 110, 111, 113, 116, 117, 118, 121, 122, 129, 132, 133, 134, 135, 142, 143, 149, 150, 151, 152, 153, 154, 155, 156, 157, 158, 159, 161, 163, 164, 165, 167, 168, 175, 181, 182, 183, 186, 189, 192, 193, 194, 205, 207, 208, 209, 211, 212, 213, 214, 215, 217, 223, 224, 235, 236, 238, 239, 240, 241, 242, 243, 245, 246, 247, 248, 250, 251, 252, 266, 267, 268, 271, 272, 273, 282, 283, 285, 286, 287, 288, 290, 291, 292, 294, 295, 296, 297, 298, 299, 300, 306, 307, 309, 312, 313, 319, 320, 321, 322, 324, 325, 326, 327, 328, 329, 330, 332, 333, 335, 337, 339, 340, 341, 342, 343, 344, 346, 358, 360, 361, 364, 365, 372, 373, 378, 379, 380, 381, 382, 388, 389, 394, 395, 396, 397, 398, 400, 401, 408, 409, 414, 415, 416, 417, 418, 419, 427, 428, 433, 434, 435, 436, 437, 439, 440, 443, 444, 450, 451, 452, 453, 454, 455, 456, 457, 458, 459, 467, 468, 474, 475, 476, 478, 479, 480, 481, 482, 493, 494, 501, 502, 503, 504, 505, 506, 509, 527, 528, 535, 536, 537, 538, 542, 543, 544, 545, 546, 550, 551, 556, 557, 561, 571, 572, 574, 575, 578, 579, 584, 585, 592, 595, 596, 601, 602, 604, 605, 610, 611, 612, 613, 614, 616, 617, 618, 619, 620, 621, 622, 624, 625, 632, 633, 634, 635, 637, 638, 641, 644, 649, 650, 651, 654, 655, 656, 657, 661, 664, 665, 670, 671, 672, 673, 674, 675, 676, 677, 678, 681, 682, 687, 688, 689, 691, 692, 693, 694, 695, 697, 698, 703, 704, 705, 708, 709, 711, 712, 713, 714, 717, 718, 724, 725, 726, 728, 729, 731, 732, 733, 734, 735, 736, 737, 738, 741, 744, 745, 751, 752, 753, 755, 756, 758, 759, 760, 761, 762, 763, 764, 767, 768, 769, 776, 777, 782, 784, 785, 787, 788, 794, 797, 798, 805, 806, 807, 808, 809, 813, 823, 824, 830, 831, 834, 835, 836, 843, 844, 846, 847, 850, 851, 856, 857, 863, 866, 867, 872, 873, 875, 876, 877, 878, 879, 880, 895, 904, 905, 907, 908], "summary": {"covered_lines": 398, "num_statements": 434, "percent_covered": 91.70506912442396, "percent_covered_display": "91.7", "missing_lines": 36, "excluded_lines": 0, "percent_statements_covered": 91.70506912442396, "percent_statements_covered_display": "91.7"}, "missing_lines": [76, 77, 112, 210, 216, 218, 219, 220, 301, 302, 334, 477, 507, 508, 547, 548, 552, 553, 554, 603, 606, 607, 636, 727, 739, 740, 754, 786, 874, 881, 885, 886, 887, 888, 889, 894], "excluded_lines": [], "start_line": 1}}}, "app\\api\\v1\\integrations.py": {"executed_lines": [3, 4, 5, 7, 8, 9, 10, 12, 13, 14, 15, 16, 17, 18, 19, 20, 22, 27, 34, 37, 41, 42, 46, 47, 62, 71, 73, 76, 77, 83, 84, 86, 87, 88, 89, 90, 91, 92, 97, 101, 102, 108, 109, 111, 112, 114, 115, 120, 122, 123, 130, 131, 132, 133, 138, 142, 144, 145, 146, 149, 151, 154, 155, 156, 161, 164, 165, 171, 172, 173, 176, 177, 178, 180, 181, 184, 185, 190, 191, 192, 193, 198, 199, 209, 210, 212, 213, 214, 215, 216, 218, 219, 229, 232, 240, 241, 242, 243, 244, 247, 248, 252, 253], "summary": {"covered_lines": 103, "num_statements": 124, "percent_covered": 83.06451612903226, "percent_covered_display": "83.1", "missing_lines": 21, "excluded_lines": 0, "percent_statements_covered": 83.06451612903226, "percent_statements_covered_display": "83.1"}, "missing_lines": [85, 110, 113, 116, 157, 194, 220, 221, 222, 223, 227, 263, 264, 265, 266, 269, 270, 271, 272, 274, 275], "excluded_lines": [], "functions": {"google_status": {"executed_lines": [46, 47], "summary": {"covered_lines": 2, "num_statements": 2, "percent_covered": 100.0, "percent_covered_display": "100.0", "missing_lines": 0, "excluded_lines": 0, "percent_statements_covered": 100.0, "percent_statements_covered_display": "100.0"}, "missing_lines": [], "excluded_lines": [], "start_line": 42}, "task_emails": {"executed_lines": [83, 84, 86, 87, 88, 89, 90, 91, 92], "summary": {"covered_lines": 9, "num_statements": 10, "percent_covered": 90.0, "percent_covered_display": "90.0", "missing_lines": 1, "excluded_lines": 0, "percent_statements_covered": 90.0, "percent_statements_covered_display": "90.0"}, "missing_lines": [85], "excluded_lines": [], "start_line": 77}, "add_task_to_calendar": {"executed_lines": [108, 109, 111, 112, 114, 115, 120, 122, 123, 130, 131, 132, 133], "summary": {"covered_lines": 13, "num_statements": 16, "percent_covered": 81.25, "percent_covered_display": "81.2", "missing_lines": 3, "excluded_lines": 0, "percent_statements_covered": 81.25, "percent_statements_covered_display": "81.2"}, "missing_lines": [110, 113, 116], "excluded_lines": [], "start_line": 102}, "_require_sheets_connection": {"executed_lines": [155, 156, 161], "summary": {"covered_lines": 3, "num_statements": 4, "percent_covered": 75.0, "percent_covered_display": "75.0", "missing_lines": 1, "excluded_lines": 0, "percent_statements_covered": 75.0, "percent_statements_covered_display": "75.0"}, "missing_lines": [157], "excluded_lines": [], "start_line": 154}, "export_project_to_sheet": {"executed_lines": [171, 172, 173, 176, 177, 178, 180, 181], "summary": {"covered_lines": 8, "num_statements": 8, "percent_covered": 100.0, "percent_covered_display": "100.0", "missing_lines": 0, "excluded_lines": 0, "percent_statements_covered": 100.0, "percent_statements_covered_display": "100.0"}, "missing_lines": [], "excluded_lines": [], "start_line": 165}, "sheet_sync_status": {"executed_lines": [190, 191, 192, 193], "summary": {"covered_lines": 4, "num_statements": 5, "percent_covered": 80.0, "percent_covered_display": "80.0", "missing_lines": 1, "excluded_lines": 0, "percent_statements_covered": 80.0, "percent_statements_covered_display": "80.0"}, "missing_lines": [194], "excluded_lines": [], "start_line": 185}, "toggle_sheet_sync": {"executed_lines": [209, 210, 212, 213, 214, 215, 216, 218, 219, 229, 232, 240, 241, 242, 243, 244, 247, 248], "summary": {"covered_lines": 18, "num_statements": 23, "percent_covered": 78.26086956521739, "percent_covered_display": "78.3", "missing_lines": 5, "excluded_lines": 0, "percent_statements_covered": 78.26086956521739, "percent_statements_covered_display": "78.3"}, "mis
[...]
 2, "num_statements": 2, "percent_covered": 100.0, "percent_covered_display": "100.0", "missing_lines": 0, "excluded_lines": 0, "percent_statements_covered": 100.0, "percent_statements_covered_display": "100.0"}, "missing_lines": [], "excluded_lines": [], "start_line": 40}, "build_task_outs": {"executed_lines": [52, 53, 54, 56, 59, 60, 61, 62, 63, 65, 72, 77, 79, 84, 86, 87, 88, 89, 90, 91, 92, 93, 94, 95, 96], "summary": {"covered_lines": 25, "num_statements": 25, "percent_covered": 100.0, "percent_covered_display": "100.0", "missing_lines": 0, "excluded_lines": 0, "percent_statements_covered": 100.0, "percent_statements_covered_display": "100.0"}, "missing_lines": [], "excluded_lines": [], "start_line": 50}, "task_rooms": {"executed_lines": [100], "summary": {"covered_lines": 1, "num_statements": 1, "percent_covered": 100.0, "percent_covered_display": "100.0", "missing_lines": 0, "excluded_lines": 0, "percent_statements_covered": 100.0, "percent_statements_covered_display": "100.0"}, "missing_lines": [], "excluded_lines": [], "start_line": 99}, "validate_task_list": {"executed_lines": [104, 105, 106, 107], "summary": {"covered_lines": 4, "num_statements": 5, "percent_covered": 80.0, "percent_covered_display": "80.0", "missing_lines": 1, "excluded_lines": 0, "percent_statements_covered": 80.0, "percent_statements_covered_display": "80.0"}, "missing_lines": [108], "excluded_lines": [], "start_line": 103}, "validate_assignee_ids": {"executed_lines": [112, 114, 119, 120, 121], "summary": {"covered_lines": 5, "num_statements": 6, "percent_covered": 83.33333333333333, "percent_covered_display": "83.3", "missing_lines": 1, "excluded_lines": 0, "percent_statements_covered": 83.33333333333333, "percent_statements_covered_display": "83.3"}, "missing_lines": [113], "excluded_lines": [], "start_line": 111}, "assign_users": {"executed_lines": [137, 138, 141, 142, 143, 144, 145, 147, 148, 150, 151, 152, 153, 161, 164, 165, 166], "summary": {"covered_lines": 17, "num_statements": 19, "percent_covered": 89.47368421052632, "percent_covered_display": "89.5", "missing_lines": 2, "excluded_lines": 0, "percent_statements_covered": 89.47368421052632, "percent_statements_covered_display": "89.5"}, "missing_lines": [146, 149], "excluded_lines": [], "start_line": 127}, "emit_assigned": {"executed_lines": [171], "summary": {"covered_lines": 1, "num_statements": 1, "percent_covered": 100.0, "percent_covered_display": "100.0", "missing_lines": 0, "excluded_lines": 0, "percent_statements_covered": 100.0, "percent_statements_covered_display": "100.0"}, "missing_lines": [], "excluded_lines": [], "start_line": 169}, "apply_status_change": {"executed_lines": [184, 186, 187, 188, 189, 191, 192], "summary": {"covered_lines": 7, "num_statements": 8, "percent_covered": 87.5, "percent_covered_display": "87.5", "missing_lines": 1, "excluded_lines": 0, "percent_statements_covered": 87.5, "percent_statements_covered_display": "87.5"}, "missing_lines": [185], "excluded_lines": [], "start_line": 182}, "emit_task_event": {"executed_lines": [196], "summary": {"covered_lines": 1, "num_statements": 1, "percent_covered": 100.0, "percent_covered_display": "100.0", "missing_lines": 0, "excluded_lines": 0, "percent_statements_covered": 100.0, "percent_statements_covered_display": "100.0"}, "missing_lines": [], "excluded_lines": [], "start_line": 195}, "log_task_activity": {"executed_lines": [207], "summary": {"covered_lines": 1, "num_statements": 1, "percent_covered": 100.0, "percent_covered_display": "100.0", "missing_lines": 0, "excluded_lines": 0, "percent_statements_covered": 100.0, "percent_statements_covered_display": "100.0"}, "missing_lines": [], "excluded_lines": [], "start_line": 206}, "": {"executed_lines": [1, 2, 4, 5, 6, 8, 9, 10, 11, 12, 13, 14, 15, 16, 17, 18, 19, 22, 26, 30, 40, 50, 99, 103, 111, 127, 169, 182, 195, 206], "summary": {"covered_lines": 30, "num_statements": 30, "percent_covered": 100.0, "percent_covered_display": "100.0", "missing_lines": 0, "excluded_lines": 0, "percent_statements_covered": 100.0, "percent_statements_covered_display": "100.0"}, "missing_lines": [], "excluded_lines": [], "start_line": 1}}, "classes": {"": {"executed_lines": [1, 2, 4, 5, 6, 8, 9, 10, 11, 12, 13, 14, 15, 16, 17, 18, 19, 22, 23, 26, 27, 30, 32, 35, 36, 37, 40, 41, 47, 50, 52, 53, 54, 56, 59, 60, 61, 62, 63, 65, 72, 77, 79, 84, 86, 87, 88, 89, 90, 91, 92, 93, 94, 95, 96, 99, 100, 103, 104, 105, 106, 107, 111, 112, 114, 119, 120, 121, 127, 137, 138, 141, 142, 143, 144, 145, 147, 148, 150, 151, 152, 153, 161, 164, 165, 166, 169, 171, 182, 184, 186, 187, 188, 189, 191, 192, 195, 196, 206, 207], "summary": {"covered_lines": 100, "num_statements": 105, "percent_covered": 95.23809523809524, "percent_covered_display": "95.2", "missing_lines": 5, "excluded_lines": 0, "percent_statements_covered": 95.23809523809524, "percent_statements_covered_display": "95.2"}, "missing_lines": [108, 113, 146, 149, 185], "excluded_lines": [], "start_line": 1}}}, "app\\services\\token_vault.py": {"executed_lines": [5, 7, 9, 12, 13, 14, 15, 17, 20, 21, 22, 23, 24, 25], "summary": {"covered_lines": 14, "num_statements": 15, "percent_covered": 93.33333333333333, "percent_covered_display": "93.3", "missing_lines": 1, "excluded_lines": 0, "percent_statements_covered": 93.33333333333333, "percent_statements_covered_display": "93.3"}, "missing_lines": [16], "excluded_lines": [], "functions": {"seal": {"executed_lines": [13, 14, 15, 17], "summary": {"covered_lines": 4, "num_statements": 5, "percent_covered": 80.0, "percent_covered_display": "80.0", "missing_lines": 1, "excluded_lines": 0, "percent_statements_covered": 80.0, "percent_statements_covered_display": "80.0"}, "missing_lines": [16], "excluded_lines": [], "start_line": 12}, "reveal": {"executed_lines": [21, 22, 23, 24, 25], "summary": {"covered_lines": 5, "num_statements": 5, "percent_covered": 100.0, "percent_covered_display": "100.0", "missing_lines": 0, "excluded_lines": 0, "percent_statements_covered": 100.0, "percent_statements_covered_display": "100.0"}, "missing_lines": [], "excluded_lines": [], "start_line": 20}, "": {"executed_lines": [5, 7, 9, 12, 20], "summary": {"covered_lines": 5, "num_statements": 5, "percent_covered": 100.0, "percent_covered_display": "100.0", "missing_lines": 0, "excluded_lines": 0, "percent_statements_covered": 100.0, "percent_statements_covered_display": "100.0"}, "missing_lines": [], "excluded_lines": [], "start_line": 1}}, "classes": {"": {"executed_lines": [5, 7, 9, 12, 13, 14, 15, 17, 20, 21, 22, 23, 24, 25], "summary": {"covered_lines": 14, "num_statements": 15, "percent_covered": 93.33333333333333, "percent_covered_display": "93.3", "missing_lines": 1, "excluded_lines": 0, "percent_statements_covered": 93.33333333333333, "percent_statements_covered_display": "93.3"}, "missing_lines": [16], "excluded_lines": [], "start_line": 1}}}, "app\\services\\two_factor_service.py": {"executed_lines": [7, 8, 10, 11, 12, 13, 15, 16, 17, 18, 21, 22, 23, 26, 27, 30, 32, 47, 50, 51, 52, 53, 54, 55, 58, 61, 63, 64, 65, 66, 67, 68, 69, 70, 73, 76, 78, 79, 80, 81, 82, 83, 84, 87, 90, 91, 93, 94, 95, 96, 103, 104, 105, 106, 107, 110, 113, 114, 118, 119, 120, 121, 122, 125, 126], "summary": {"covered_lines": 65, "num_statements": 67, "percent_covered": 97.01492537313433, "percent_covered_display": "97.0", "missing_lines": 2, "excluded_lines": 0, "percent_statements_covered": 97.01492537313433, "percent_statements_covered_display": "97.0"}, "missing_lines": [77, 92], "excluded_lines": [], "functions": {"TwoFactorError.__init__": {"executed_lines": [23], "summary": {"covered_lines": 1, "num_statements": 1, "percent_covered": 100.0, "percent_covered_display": "100.0", "missing_lines": 0, "excluded_lines": 0, "percent_statements_covered": 100.0, "percent_statements_covered_display": "100.0"}, "missing_lines": [], "excluded_lines": [], "start_line": 22}, "_now": {"executed_lines": [27], "summary": {"covered_lines": 1, "num_statements": 1, "percent_covered": 100.0, "percent_covered_display": "100.0", "missing_lines": 0, "excluded_lines": 0, "percent_statements_covered": 100.0, "percent_statements_covered_display": "100.0"}, "missing_lines": [], "excluded_lines": [], "start_line": 26}, "org_requires_2fa": {"executed_lines": [32], "summary": {"covered_lines": 1, "num_statements": 1, "percent_covered": 100.0, "percent_covered_display": "100.0", "missing_lines": 0, "excluded_lines": 0, "percent_statements_covered": 100.0, "percent_statements_covered_display": "100.0"}, "missing_lines": [], "excluded_lines": [], "start_line": 30}, "start_enrollment": {"executed_lines": [50, 51, 52, 53, 54, 55, 58], "summary": {"covered_lines": 7, "num_statements": 7, "percent_covered": 100.0, "percent_covered_display": "100.0", "missing_lines": 0, "excluded_lines": 0, "percent_statements_covered": 100.0, "percent_statements_covered_display": "100.0"}, "missing_lines": [], "excluded_lines": [], "start_line": 47}, "_issue_recovery_codes": {"executed_lines": [63, 64, 65, 66, 67, 68, 69, 70], "summary": {"covered_lines": 8, "num_statements": 8, "percent_covered": 100.0, "percent_covered_display": "100.0", "missing_lines": 0, "excluded_lines": 0, "percent_statements_covered": 100.0, "percent_statements_covered_display": "100.0"}, "missing_lines": [], "excluded_lines": [], "start_line": 61}, "confirm_enrollment": {"executed_lines": [76, 78, 79, 80, 81, 82, 83, 84], "summary": {"covered_lines": 8, "num_statements": 9, "percent_covered": 88.88888888888889, "percent_covered_display": "88.9", "missing_lines": 1, "excluded_lines": 0, "percent_statements_covered": 88.88888888888889, "percent_statements_covered_display": "88.9"}, "missing_lines": [77], "excluded_lines": [], "start_line": 73}, "verify_code": {"executed_lines": [90, 91, 93, 94, 95, 96, 103, 104, 105, 106, 107], "summary": {"covered_lines": 11, "num_statements": 12, "percent_covered": 91.66666666666667, "percent_covered_display": "91.7", "missing_lines": 1, "excluded_lines": 0, "percent_statements_covered": 91.66666666666667, "percent_statements_covered_display": "91.7"}, "missing_lines": [92], "excluded_lines": [], "start_line": 87}, "disable": {"executed_lines": [113, 114, 118, 119, 120, 121, 122], "summary": {"covered_lines": 7, "num_statements": 7, "percent_covered": 100.0, "percent_covered_display": "100.0", "missing_lines": 0, "excluded_lines": 0, "percent_statements_covered": 100.0, "percent_statements_covered_display": "100.0"}, "missing_lines": [], "excluded_lines": [], "start_line": 110}, "recovery_codes_remaining": {"executed_lines": [126], "summary": {"covered_lines": 1, "num_statements": 1, "percent_covered": 100.0, "percent_covered_display": "100.0", "missing_lines": 0, "excluded_lines": 0, "percent_statements_covered": 100.0, "percent_statements_covered_display": "100.0"}, "missing_lines": [], "excluded_lines": [], "start_line": 125}, "": {"executed_lines": [7, 8, 10, 11, 12, 13, 15, 16, 17, 18, 21, 22, 26, 30, 47, 61, 73, 87, 110, 125], "summary": {"covered_lines": 20, "num_statements": 20, "percent_covered": 100.0, "percent_covered_display": "100.0", "missing_lines": 0, "excluded_lines": 0, "percent_statements_covered": 100.0, "percent_statements_covered_display": "100.0"}, "missing_lines": [], "excluded_lines": [], "start_line": 1}}, "classes": {"TwoFactorError": {"executed_lines": [23], "summary": {"covered_lines": 1, "num_statements": 1, "percent_covered": 100.0, "percent_covered_display": "100.0", "missing_lines": 0, "excluded_lines": 0, "percent_statements_covered": 100.0, "percent_statements_covered_display": "100.0"}, "missing_lines": [], "excluded_lines": [], "start_line": 21}, "": {"executed_lines": [7, 8, 10, 11, 12, 13, 15, 16, 17, 18, 21, 22, 26, 27, 30, 32, 47, 50, 51, 52, 53, 54, 55, 58, 61, 63, 64, 65, 66, 67, 68, 69, 70, 73, 76, 78, 79, 80, 81, 82, 83, 84, 87, 90, 91, 93, 94, 95, 96, 103, 104, 105, 106, 107, 110, 113, 114, 118, 119, 120, 121, 122, 125, 126], "summary": {"covered_lines": 64, "num_statements": 66, "percent_covered": 96.96969696969697, "percent_covered_display": "97.0", "missing_lines": 2, "excluded_lines": 0, "percent_statements_covered": 96.96969696969697, "percent_statements_covered_display": "97.0"}, "missing_lines": [77, 92], "excluded_lines": [], "start_line": 1}}}, "app\\services\\upload_service.py": {"executed_lines": [2, 4, 6, 8, 11, 12, 15, 16, 19, 20, 23, 25, 26, 27, 28, 29, 30, 31, 32, 33, 34, 38, 40, 42, 43, 44, 45, 48, 50, 52], "summary": {"covered_lines": 30, "num_statements": 30, "percent_covered": 100.0, "percent_covered_display": "100.0", "missing_lines": 0, "excluded_lines": 0, "percent_statements_covered": 100.0, "percent_statements_covered_display": "100.0"}, "missing_lines": [], "excluded_lines": [], "functions": {"max_attachment_bytes": {"executed_lines": [12], "summary": {"covered_lines": 1, "num_statements": 1, "percent_covered": 100.0, "percent_covered_display": "100.0", "missing_lines": 0, "excluded_lines": 0, "percent_statements_covered": 100.0, "percent_statements_covered_display": "100.0"}, "missing_lines": [], "excluded_lines": [], "start_line": 11}, "max_avatar_bytes": {"executed_lines": [16], "summary": {"covered_lines": 1, "num_statements": 1, "percent_covered": 100.0, "percent_covered_display": "100.0", "missing_lines": 0, "excluded_lines": 0, "percent_statements_covered": 100.0, "percent_statements_covered_display": "100.0"}, "missing_lines": [], "excluded_lines": [], "start_line": 15}, "max_avatar_request_bytes": {"executed_lines": [20], "summary": {"covered_lines": 1, "num_statements": 1, "percent_covered": 100.0, "percent_covered_display": "100.0", "missing_lines": 0, "excluded_lines": 0, "percent_statements_covered": 100.0, "percent_statements_covered_display": "100.0"}, "missing_lines": [], "excluded_lines": [], "start_line": 19}, "read_bounded_upload": {"executed_lines": [25, 26, 27, 28, 29, 30, 31, 32, 33, 34, 38, 40, 42, 43, 44, 45], "summary": {"covered_lines": 16, "num_statements": 16, "percent_covered": 100.0, "percent_covered_display": "100.0", "missing_lines": 0, "excluded_lines": 0, "percent_statements_covered": 100.0, "percent_statements_covered_display": "100.0"}, "missing_lines": [], "excluded_lines": [], "start_line": 23}, "guard_upload_request": {"executed_lines": [50, 52], "summary": {"covered_lines": 2, "num_statements": 2, "percent_covered": 100.0, "percent_covered_display": "100.0", "missing_lines": 0, "excluded_lines": 0, "percent_statements_covered": 100.0, "percent_statements_covered_display": "100.0"}, "missing_lines": [], "excluded_lines": [], "start_line": 48}, "": {"executed_lines": [2, 4, 6, 8, 11, 15, 19, 23, 48], "summary": {"covered_lines": 9, "num_statements": 9, "percent_covered": 100.0, "percent_covered_display": "100.0", "missing_lines": 0, "excluded_lines": 0, "percent_statements_covered": 100.0, "percent_statements_covered_display": "100.0"}, "missing_lines": [], "excluded_lines": [], "start_line": 1}}, "classes": {"": {"executed_lines": [2, 4, 6, 8, 11, 12, 15, 16, 19, 20, 23, 25, 26, 27, 28, 29, 30, 31, 32, 33, 34, 38, 40, 42, 43, 44, 45, 48, 50, 52], "summary": {"covered_lines": 30, "num_statements": 30, "percent_covered": 100.0, "percent_covered_display": "100.0", "missing_lines": 0, "excluded_lines": 0, "percent_statements_covered": 100.0, "percent_statements_covered_display": "100.0"}, "missing_lines": [], "excluded_lines": [], "start_line": 1}}}, "app\\services\\user_service.py": {"executed_lines": [1, 3, 4, 6, 7, 10, 11, 13, 14, 17, 19, 20, 21, 22, 27], "summary": {"covered_lines": 15, "num_statements": 16, "percent_covered": 93.75, "percent_covered_display": "93.8", "missing_lines": 1, "excluded_lines": 0, "percent_statements_covered": 93.75, "percent_statements_covered_display": "93.8"}, "missing_lines": [12], "excluded_lines": [], "functions": {"user_brief": {"executed_lines": [11, 13, 14], "summary": {"covered_lines": 3, "num_statements": 4, "percent_covered": 75.0, "percent_covered_display": "75.0", "missing_lines": 1, "excluded_lines": 0, "percent_statements_covered": 75.0, "percent_statements_covered_display": "75.0"}, "missing_lines": [12], "excluded_lines": [], "start_line": 10}, "user_briefs": {"executed_lines": [19, 20, 21, 22, 27], "summary": {"covered_lines": 5, "num_statements": 5, "percent_covered": 100.0, "percent_covered_display": "100.0", "missing_lines": 0, "excluded_lines": 0, "percent_statements_covered": 100.0, "percent_statements_covered_display": "100.0"}, "missing_lines": [], "excluded_lines": [], "start_line": 17}, "": {"executed_lines": [1, 3, 4, 6, 7, 10, 17], "summary": {"covered_lines": 7, "num_statements": 7, "percent_covered": 100.0, "percent_covered_display": "100.0", "missing_lines": 0, "excluded_lines": 0, "percent_statements_covered": 100.0, "percent_statements_covered_display": "100.0"}, "missing_lines": [], "excluded_lines": [], "start_line": 1}}, "classes": {"": {"executed_lines": [1, 3, 4, 6, 7, 10, 11, 13, 14, 17, 19, 20, 21, 22, 27], "summary": {"covered_lines": 15, "num_statements": 16, "percent_covered": 93.75, "percent_covered_display": "93.8", "missing_lines": 1, "excluded_lines": 0, "percent_statements_covered": 93.75, "percent_statements_covered_display": "93.8"}, "missing_lines": [12], "excluded_lines": [], "start_line": 1}}}, "app\\services\\ws_ticket_service.py": {"executed_lines": [2, 4, 5, 6, 7, 9, 10, 11, 14, 15, 16, 20, 22, 23, 24, 25, 26, 27, 30, 32, 33, 34, 35, 36, 37, 38, 39, 40, 41, 43], "summary": {"covered_lines": 30, "num_statements": 32, "percent_covered": 93.75, "percent_covered_display": "93.8", "missing_lines": 2, "excluded_lines": 0, "percent_statements_covered": 93.75, "percent_statements_covered_display": "93.8"}, "missing_lines": [17, 42], "excluded_lines": [], "functions": {"_purge_expired": {"executed_lines": [15, 16], "summary": {"covered_lines": 2, "num_statements": 3, "percent_covered": 66.66666666666667, "percent_covered_display": "66.7", "missing_lines": 1, "excluded_lines": 0, "percent_statements_covered": 66.66666666666667, "percent_statements_covered_display": "66.7"}, "missing_lines": [17], "excluded_lines": [], "start_line": 14}, "issue_ws_ticket": {"executed_lines": [22, 23, 24, 25, 26, 27], "summary": {"covered_lines": 6, "num_statements": 6, "percent_covered": 100.0, "percent_covered_display": "100.0", "missing_lines": 0, "excluded_lines": 0, "percent_statements_covered": 100.0, "percent_statements_covered_display": "100.0"}, "missing_lines": [], "excluded_lines": [], "start_line": 20}, "redeem_ws_ticket": {"executed_lines": [32, 33, 34, 35, 36, 37, 38, 39, 40, 41, 43], "summary": {"covered_lines": 11, "num_statements": 12, "percent_covered": 91.66666666666667, "percent_covered_display": "91.7", "missing_lines": 1, "excluded_lines": 0, "percent_statements_covered": 91.66666666666667, "percent_statements_covered_display": "91.7"}, "missing_lines": [42], "excluded_lines": [], "start_line": 30}, "": {"executed_lines": [2, 4, 5, 6, 7, 9, 10, 11, 14, 20, 30], "summary": {"covered_lines": 11, "num_statements": 11, "percent_covered": 100.0, "percent_covered_display": "100.0", "missing_lines": 0, "excluded_lines": 0, "percent_statements_covered": 100.0, "percent_statements_covered_display": "100.0"}, "missing_lines": [], "excluded_lines": [], "start_line": 1}}, "classes": {"": {"executed_lines": [2, 4, 5, 6, 7, 9, 10, 11, 14, 15, 16, 20, 22, 23, 24, 25, 26, 27, 30, 32, 33, 34, 35, 36, 37, 38, 39, 40, 41, 43], "summary": {"covered_lines": 30, "num_statements": 32, "percent_covered": 93.75, "percent_covered_display": "93.8", "missing_lines": 2, "excluded_lines": 0, "percent_statements_covered": 93.75, "percent_statements_covered_display": "93.8"}, "missing_lines": [17, 42], "excluded_lines": [], "start_line": 1}}}}, "totals": {"covered_lines": 7541, "num_statements": 8215, "percent_covered": 91.79549604382228, "percent_covered_display": "91.8", "missing_lines": 674, "excluded_lines": 19, "percent_statements_covered": 91.79549604382228, "percent_statements_covered_display": "91.8"}}